<?xml version="1.0" encoding="UTF-8"?>
<testsuites>
  <testsuite name="D:\digistore24-api\phpunit.xml" tests="992" assertions="2015" errors="0" failures="0" skipped="0" time="0.169634">
    <testsuite name="Unit" tests="986" assertions="1992" errors="0" failures="0" skipped="0" time="0.164042">
      <testsuite name="GoSuccess\Digistore24\Api\Tests\Unit\DataTransferObject\AddonDataTest" file="D:\digistore24-api\tests\Unit\DataTransferObject\AddonDataTest.php" tests="6" assertions="20" errors="0" failures="0" skipped="0" time="0.008098">
        <testcase name="testCanCreateWithRequiredFields" file="D:\digistore24-api\tests\Unit\DataTransferObject\AddonDataTest.php" line="12" class="GoSuccess\Digistore24\Api\Tests\Unit\DataTransferObject\AddonDataTest" classname="GoSuccess.Digistore24.Api.Tests.Unit.DataTransferObject.AddonDataTest" assertions="4" time="0.005700"/>
        <testcase name="testCanCreateWithAllFields" file="D:\digistore24-api\tests\Unit\DataTransferObject\AddonDataTest.php" line="22" class="GoSuccess\Digistore24\Api\Tests\Unit\DataTransferObject\AddonDataTest" classname="GoSuccess.Digistore24.Api.Tests.Unit.DataTransferObject.AddonDataTest" assertions="4" time="0.000305"/>
        <testcase name="testQuantityMustBeAtLeastOne" file="D:\digistore24-api\tests\Unit\DataTransferObject\AddonDataTest.php" line="37" class="GoSuccess\Digistore24\Api\Tests\Unit\DataTransferObject\AddonDataTest" classname="GoSuccess.Digistore24.Api.Tests.Unit.DataTransferObject.AddonDataTest" assertions="2" time="0.000880"/>
        <testcase name="testToArrayWithMinimalData" file="D:\digistore24-api\tests\Unit\DataTransferObject\AddonDataTest.php" line="45" class="GoSuccess\Digistore24\Api\Tests\Unit\DataTransferObject\AddonDataTest" classname="GoSuccess.Digistore24.Api.Tests.Unit.DataTransferObject.AddonDataTest" assertions="4" time="0.001038"/>
        <testcase name="testToArrayWithAllData" file="D:\digistore24-api\tests\Unit\DataTransferObject\AddonDataTest.php" line="56" class="GoSuccess\Digistore24\Api\Tests\Unit\DataTransferObject\AddonDataTest" classname="GoSuccess.Digistore24.Api.Tests.Unit.DataTransferObject.AddonDataTest" assertions="4" time="0.000088"/>
        <testcase name="testIsQuantityEditableConvertsToYN" file="D:\digistore24-api\tests\Unit\DataTransferObject\AddonDataTest.php" line="72" class="GoSuccess\Digistore24\Api\Tests\Unit\DataTransferObject\AddonDataTest" classname="GoSuccess.Digistore24.Api.Tests.Unit.DataTransferObject.AddonDataTest" assertions="2" time="0.000086"/>
      </testsuite>
      <testsuite name="GoSuccess\Digistore24\Api\Tests\Unit\DataTransferObject\BuyerDataTest" file="D:\digistore24-api\tests\Unit\DataTransferObject\BuyerDataTest.php" tests="6" assertions="21" errors="0" failures="0" skipped="0" time="0.001862">
        <testcase name="testCanCreateWithValidEmail" file="D:\digistore24-api\tests\Unit\DataTransferObject\BuyerDataTest.php" line="14" class="GoSuccess\Digistore24\Api\Tests\Unit\DataTransferObject\BuyerDataTest" classname="GoSuccess.Digistore24.Api.Tests.Unit.DataTransferObject.BuyerDataTest" assertions="1" time="0.001196"/>
        <testcase name="testEmailValidationThrowsExceptionForInvalidEmail" file="D:\digistore24-api\tests\Unit\DataTransferObject\BuyerDataTest.php" line="22" class="GoSuccess\Digistore24\Api\Tests\Unit\DataTransferObject\BuyerDataTest" classname="GoSuccess.Digistore24.Api.Tests.Unit.DataTransferObject.BuyerDataTest" assertions="2" time="0.000255"/>
        <testcase name="testCountryIsAutoUppercased" file="D:\digistore24-api\tests\Unit\DataTransferObject\BuyerDataTest.php" line="31" class="GoSuccess\Digistore24\Api\Tests\Unit\DataTransferObject\BuyerDataTest" classname="GoSuccess.Digistore24.Api.Tests.Unit.DataTransferObject.BuyerDataTest" assertions="1" time="0.000093"/>
        <testcase name="testCountryValidationThrowsExceptionForInvalidLength" file="D:\digistore24-api\tests\Unit\DataTransferObject\BuyerDataTest.php" line="40" class="GoSuccess\Digistore24\Api\Tests\Unit\DataTransferObject\BuyerDataTest" classname="GoSuccess.Digistore24.Api.Tests.Unit.DataTransferObject.BuyerDataTest" assertions="2" time="0.000120"/>
        <testcase name="testCanSetAllOptionalFields" file="D:\digistore24-api\tests\Unit\DataTransferObject\BuyerDataTest.php" line="50" class="GoSuccess\Digistore24\Api\Tests\Unit\DataTransferObject\BuyerDataTest" classname="GoSuccess.Digistore24.Api.Tests.Unit.DataTransferObject.BuyerDataTest" assertions="12" time="0.000104"/>
        <testcase name="testOptionalFieldsCanBeNull" file="D:\digistore24-api\tests\Unit\DataTransferObject\BuyerDataTest.php" line="81" class="GoSuccess\Digistore24\Api\Tests\Unit\DataTransferObject\BuyerDataTest" classname="GoSuccess.Digistore24.Api.Tests.Unit.DataTransferObject.BuyerDataTest" assertions="3" time="0.000095"/>
      </testsuite>
      <testsuite name="GoSuccess\Digistore24\Api\Tests\Unit\DataTransferObject\PaymentPlanDataTest" file="D:\digistore24-api\tests\Unit\DataTransferObject\PaymentPlanDataTest.php" tests="6" assertions="20" errors="0" failures="0" skipped="0" time="0.000870">
        <testcase name="testCanCreateWithValidData" file="D:\digistore24-api\tests\Unit\DataTransferObject\PaymentPlanDataTest.php" line="14" class="GoSuccess\Digistore24\Api\Tests\Unit\DataTransferObject\PaymentPlanDataTest" classname="GoSuccess.Digistore24.Api.Tests.Unit.DataTransferObject.PaymentPlanDataTest" assertions="4" time="0.000440"/>
        <testcase name="testCurrencyIsAutoUppercased" file="D:\digistore24-api\tests\Unit\DataTransferObject\PaymentPlanDataTest.php" line="28" class="GoSuccess\Digistore24\Api\Tests\Unit\DataTransferObject\PaymentPlanDataTest" classname="GoSuccess.Digistore24.Api.Tests.Unit.DataTransferObject.PaymentPlanDataTest" assertions="1" time="0.000090"/>
        <testcase name="testCurrencyValidationThrowsExceptionForInvalidLength" file="D:\digistore24-api\tests\Unit\DataTransferObject\PaymentPlanDataTest.php" line="36" class="GoSuccess\Digistore24\Api\Tests\Unit\DataTransferObject\PaymentPlanDataTest" classname="GoSuccess.Digistore24.Api.Tests.Unit.DataTransferObject.PaymentPlanDataTest" assertions="2" time="0.000101"/>
        <testcase name="testAllFieldsCanBeNull" file="D:\digistore24-api\tests\Unit\DataTransferObject\PaymentPlanDataTest.php" line="45" class="GoSuccess\Digistore24\Api\Tests\Unit\DataTransferObject\PaymentPlanDataTest" classname="GoSuccess.Digistore24.Api.Tests.Unit.DataTransferObject.PaymentPlanDataTest" assertions="6" time="0.000080"/>
        <testcase name="testCanSetBillingIntervals" file="D:\digistore24-api\tests\Unit\DataTransferObject\PaymentPlanDataTest.php" line="57" class="GoSuccess\Digistore24\Api\Tests\Unit\DataTransferObject\PaymentPlanDataTest" classname="GoSuccess.Digistore24.Api.Tests.Unit.DataTransferObject.PaymentPlanDataTest" assertions="3" time="0.000080"/>
        <testcase name="testCanSetUpgradeFields" file="D:\digistore24-api\tests\Unit\DataTransferObject\PaymentPlanDataTest.php" line="69" class="GoSuccess\Digistore24\Api\Tests\Unit\DataTransferObject\PaymentPlanDataTest" classname="GoSuccess.Digistore24.Api.Tests.Unit.DataTransferObject.PaymentPlanDataTest" assertions="4" time="0.000079"/>
      </testsuite>
      <testsuite name="GoSuccess\Digistore24\Api\Tests\Unit\DataTransferObject\TrackingDataTest" file="D:\digistore24-api\tests\Unit\DataTransferObject\TrackingDataTest.php" tests="3" assertions="18" errors="0" failures="0" skipped="0" time="0.000501">
        <testcase name="testCanCreateWithAllFields" file="D:\digistore24-api\tests\Unit\DataTransferObject\TrackingDataTest.php" line="14" class="GoSuccess\Digistore24\Api\Tests\Unit\DataTransferObject\TrackingDataTest" classname="GoSuccess.Digistore24.Api.Tests.Unit.DataTransferObject.TrackingDataTest" assertions="10" time="0.000336"/>
        <testcase name="testAllFieldsCanBeNull" file="D:\digistore24-api\tests\Unit\DataTransferObject\TrackingDataTest.php" line="40" class="GoSuccess\Digistore24\Api\Tests\Unit\DataTransferObject\TrackingDataTest" classname="GoSuccess.Digistore24.Api.Tests.Unit.DataTransferObject.TrackingDataTest" assertions="4" time="0.000082"/>
        <testcase name="testCanSetOnlyUtmParameters" file="D:\digistore24-api\tests\Unit\DataTransferObject\TrackingDataTest.php" line="50" class="GoSuccess\Digistore24\Api\Tests\Unit\DataTransferObject\TrackingDataTest" classname="GoSuccess.Digistore24.Api.Tests.Unit.DataTransferObject.TrackingDataTest" assertions="4" time="0.000083"/>
      </testsuite>
      <testsuite name="GoSuccess\Digistore24\Api\Tests\Unit\Http\ResponseTest" file="D:\digistore24-api\tests\Unit\Http\ResponseTest.php" tests="7" assertions="12" errors="0" failures="0" skipped="0" time="0.001217">
        <testcase name="testIsSuccessPropertyReturnsTrueFor2xxStatus" file="D:\digistore24-api\tests\Unit\Http\ResponseTest.php" line="15" class="GoSuccess\Digistore24\Api\Tests\Unit\Http\ResponseTest" classname="GoSuccess.Digistore24.Api.Tests.Unit.Http.ResponseTest" assertions="1" time="0.000690"/>
        <testcase name="testIsSuccessPropertyReturnsFalseForNon2xxStatus" file="D:\digistore24-api\tests\Unit\Http\ResponseTest.php" line="26" class="GoSuccess\Digistore24\Api\Tests\Unit\Http\ResponseTest" classname="GoSuccess.Digistore24.Api.Tests.Unit.Http.ResponseTest" assertions="1" time="0.000095"/>
        <testcase name="testIsClientErrorPropertyReturnsTrueFor4xxStatus" file="D:\digistore24-api\tests\Unit\Http\ResponseTest.php" line="37" class="GoSuccess\Digistore24\Api\Tests\Unit\Http\ResponseTest" classname="GoSuccess.Digistore24.Api.Tests.Unit.Http.ResponseTest" assertions="1" time="0.000095"/>
        <testcase name="testIsServerErrorPropertyReturnsTrueFor5xxStatus" file="D:\digistore24-api\tests\Unit\Http\ResponseTest.php" line="48" class="GoSuccess\Digistore24\Api\Tests\Unit\Http\ResponseTest" classname="GoSuccess.Digistore24.Api.Tests.Unit.Http.ResponseTest" assertions="1" time="0.000091"/>
        <testcase name="testConstructorSetsAllProperties" file="D:\digistore24-api\tests\Unit\Http\ResponseTest.php" line="59" class="GoSuccess\Digistore24\Api\Tests\Unit\Http\ResponseTest" classname="GoSuccess.Digistore24.Api.Tests.Unit.Http.ResponseTest" assertions="4" time="0.000084"/>
        <testcase name="testResponseDataCanBeAccessed" file="D:\digistore24-api\tests\Unit\Http\ResponseTest.php" line="76" class="GoSuccess\Digistore24\Api\Tests\Unit\Http\ResponseTest" classname="GoSuccess.Digistore24.Api.Tests.Unit.Http.ResponseTest" assertions="2" time="0.000082"/>
        <testcase name="testStatusPropertyIsComputed" file="D:\digistore24-api\tests\Unit\Http\ResponseTest.php" line="91" class="GoSuccess\Digistore24\Api\Tests\Unit\Http\ResponseTest" classname="GoSuccess.Digistore24.Api.Tests.Unit.Http.ResponseTest" assertions="2" time="0.000081"/>
      </testsuite>
      <testsuite name="GoSuccess\Digistore24\Api\Tests\Unit\Http\StatusCodeTest" file="D:\digistore24-api\tests\Unit\Http\StatusCodeTest.php" tests="9" assertions="35" errors="0" failures="0" skipped="0" time="0.000799">
        <testcase name="testIsSuccessReturnsTrueFor2xxCodes" file="D:\digistore24-api\tests\Unit\Http\StatusCodeTest.php" line="14" class="GoSuccess\Digistore24\Api\Tests\Unit\Http\StatusCodeTest" classname="GoSuccess.Digistore24.Api.Tests.Unit.Http.StatusCodeTest" assertions="4" time="0.000092"/>
        <testcase name="testIsSuccessReturnsFalseForNon2xxCodes" file="D:\digistore24-api\tests\Unit\Http\StatusCodeTest.php" line="22" class="GoSuccess\Digistore24\Api\Tests\Unit\Http\StatusCodeTest" classname="GoSuccess.Digistore24.Api.Tests.Unit.Http.StatusCodeTest" assertions="3" time="0.000088"/>
        <testcase name="testIsClientErrorReturnsTrueFor4xxCodes" file="D:\digistore24-api\tests\Unit\Http\StatusCodeTest.php" line="29" class="GoSuccess\Digistore24\Api\Tests\Unit\Http\StatusCodeTest" classname="GoSuccess.Digistore24.Api.Tests.Unit.Http.StatusCodeTest" assertions="5" time="0.000091"/>
        <testcase name="testIsClientErrorReturnsFalseForNon4xxCodes" file="D:\digistore24-api\tests\Unit\Http\StatusCodeTest.php" line="38" class="GoSuccess\Digistore24\Api\Tests\Unit\Http\StatusCodeTest" classname="GoSuccess.Digistore24.Api.Tests.Unit.Http.StatusCodeTest" assertions="2" time="0.000088"/>
        <testcase name="testIsServerErrorReturnsTrueFor5xxCodes" file="D:\digistore24-api\tests\Unit\Http\StatusCodeTest.php" line="44" class="GoSuccess\Digistore24\Api\Tests\Unit\Http\StatusCodeTest" classname="GoSuccess.Digistore24.Api.Tests.Unit.Http.StatusCodeTest" assertions="4" time="0.000088"/>
        <testcase name="testIsServerErrorReturnsFalseForNon5xxCodes" file="D:\digistore24-api\tests\Unit\Http\StatusCodeTest.php" line="52" class="GoSuccess\Digistore24\Api\Tests\Unit\Http\StatusCodeTest" classname="GoSuccess.Digistore24.Api.Tests.Unit.Http.StatusCodeTest" assertions="2" time="0.000090"/>
        <testcase name="testDescriptionReturnsCorrectStrings" file="D:\digistore24-api\tests\Unit\Http\StatusCodeTest.php" line="58" class="GoSuccess\Digistore24\Api\Tests\Unit\Http\StatusCodeTest" classname="GoSuccess.Digistore24.Api.Tests.Unit.Http.StatusCodeTest" assertions="6" time="0.000097"/>
        <testcase name="testValueReturnsCorrectInteger" file="D:\digistore24-api\tests\Unit\Http\StatusCodeTest.php" line="68" class="GoSuccess\Digistore24\Api\Tests\Unit\Http\StatusCodeTest" classname="GoSuccess.Digistore24.Api.Tests.Unit.Http.StatusCodeTest" assertions="6" time="0.000083"/>
        <testcase name="testFromValueCreatesCorrectEnum" file="D:\digistore24-api\tests\Unit\Http\StatusCodeTest.php" line="78" class="GoSuccess\Digistore24\Api\Tests\Unit\Http\StatusCodeTest" classname="GoSuccess.Digistore24.Api.Tests.Unit.Http.StatusCodeTest" assertions="3" time="0.000082"/>
      </testsuite>
      <testsuite name="GoSuccess\Digistore24\Api\Tests\Unit\Request\AccountAccess\ListAccountAccessRequestTest" file="D:\digistore24-api\tests\Unit\Request\AccountAccess\ListAccountAccessRequestTest.php" tests="4" assertions="5" errors="0" failures="0" skipped="0" time="0.002205">
        <testcase name="test_can_create_with_purchase_id" file="D:\digistore24-api\tests\Unit\Request\AccountAccess\ListAccountAccessRequestTest.php" line="12" class="GoSuccess\Digistore24\Api\Tests\Unit\Request\AccountAccess\ListAccountAccessRequestTest" classname="GoSuccess.Digistore24.Api.Tests.Unit.Request.AccountAccess.ListAccountAccessRequestTest" assertions="1" time="0.001372"/>
        <testcase name="test_endpoint_returns_correct_value" file="D:\digistore24-api\tests\Unit\Request\AccountAccess\ListAccountAccessRequestTest.php" line="21" class="GoSuccess\Digistore24\Api\Tests\Unit\Request\AccountAccess\ListAccountAccessRequestTest" classname="GoSuccess.Digistore24.Api.Tests.Unit.Request.AccountAccess.ListAccountAccessRequestTest" assertions="1" time="0.000070"/>
        <testcase name="test_to_array_converts_correctly" file="D:\digistore24-api\tests\Unit\Request\AccountAccess\ListAccountAccessRequestTest.php" line="30" class="GoSuccess\Digistore24\Api\Tests\Unit\Request\AccountAccess\ListAccountAccessRequestTest" classname="GoSuccess.Digistore24.Api.Tests.Unit.Request.AccountAccess.ListAccountAccessRequestTest" assertions="2" time="0.000404"/>
        <testcase name="test_validation_passes_for_valid_data" file="D:\digistore24-api\tests\Unit\Request\AccountAccess\ListAccountAccessRequestTest.php" line="42" class="GoSuccess\Digistore24\Api\Tests\Unit\Request\AccountAccess\ListAccountAccessRequestTest" classname="GoSuccess.Digistore24.Api.Tests.Unit.Request.AccountAccess.ListAccountAccessRequestTest" assertions="1" time="0.000359"/>
      </testsuite>
      <testsuite name="GoSuccess\Digistore24\Api\Tests\Unit\Request\AccountAccess\LogMemberAccessRequestTest" file="D:\digistore24-api\tests\Unit\Request\AccountAccess\LogMemberAccessRequestTest.php" tests="6" assertions="19" errors="0" failures="0" skipped="0" time="0.001696">
        <testcase name="testCanCreateWithRequiredFields" file="D:\digistore24-api\tests\Unit\Request\AccountAccess\LogMemberAccessRequestTest.php" line="12" class="GoSuccess\Digistore24\Api\Tests\Unit\Request\AccountAccess\LogMemberAccessRequestTest" classname="GoSuccess.Digistore24.Api.Tests.Unit.Request.AccountAccess.LogMemberAccessRequestTest" assertions="7" time="0.000333"/>
        <testcase name="testCanSetLoginAt" file="D:\digistore24-api\tests\Unit\Request\AccountAccess\LogMemberAccessRequestTest.php" line="32" class="GoSuccess\Digistore24\Api\Tests\Unit\Request\AccountAccess\LogMemberAccessRequestTest" classname="GoSuccess.Digistore24.Api.Tests.Unit.Request.AccountAccess.LogMemberAccessRequestTest" assertions="1" time="0.000117"/>
        <testcase name="testEndpointReturnsCorrectValue" file="D:\digistore24-api\tests\Unit\Request\AccountAccess\LogMemberAccessRequestTest.php" line="49" class="GoSuccess\Digistore24\Api\Tests\Unit\Request\AccountAccess\LogMemberAccessRequestTest" classname="GoSuccess.Digistore24.Api.Tests.Unit.Request.AccountAccess.LogMemberAccessRequestTest" assertions="1" time="0.000082"/>
        <testcase name="testToArrayConvertsCorrectly" file="D:\digistore24-api\tests\Unit\Request\AccountAccess\LogMemberAccessRequestTest.php" line="63" class="GoSuccess\Digistore24\Api\Tests\Unit\Request\AccountAccess\LogMemberAccessRequestTest" classname="GoSuccess.Digistore24.Api.Tests.Unit.Request.AccountAccess.LogMemberAccessRequestTest" assertions="7" time="0.000585"/>
        <testcase name="testValidationPassesForValidData" file="D:\digistore24-api\tests\Unit\Request\AccountAccess\LogMemberAccessRequestTest.php" line="88" class="GoSuccess\Digistore24\Api\Tests\Unit\Request\AccountAccess\LogMemberAccessRequestTest" classname="GoSuccess.Digistore24.Api.Tests.Unit.Request.AccountAccess.LogMemberAccessRequestTest" assertions="2" time="0.000485"/>
        <testcase name="testCanHaveZeroLectures" file="D:\digistore24-api\tests\Unit\Request\AccountAccess\LogMemberAccessRequestTest.php" line="103" class="GoSuccess\Digistore24\Api\Tests\Unit\Request\AccountAccess\LogMemberAccessRequestTest" classname="GoSuccess.Digistore24.Api.Tests.Unit.Request.AccountAccess.LogMemberAccessRequestTest" assertions="1" time="0.000095"/>
      </testsuite>
      <testsuite name="GoSuccess\Digistore24\Api\Tests\Unit\Request\Affiliate\GetAffiliateCommissionRequestTest" file="D:\digistore24-api\tests\Unit\Request\Affiliate\GetAffiliateCommissionRequestTest.php" tests="4" assertions="7" errors="0" failures="0" skipped="0" time="0.000735">
        <testcase name="test_can_create_instance_with_required_parameters" file="D:\digistore24-api\tests\Unit\Request\Affiliate\GetAffiliateCommissionRequestTest.php" line="13" class="GoSuccess\Digistore24\Api\Tests\Unit\Request\Affiliate\GetAffiliateCommissionRequestTest" classname="GoSuccess.Digistore24.Api.Tests.Unit.Request.Affiliate.GetAffiliateCommissionRequestTest" assertions="1" time="0.000532"/>
        <testcase name="test_endpoint_returns_correct_value" file="D:\digistore24-api\tests\Unit\Request\Affiliate\GetAffiliateCommissionRequestTest.php" line="23" class="GoSuccess\Digistore24\Api\Tests\Unit\Request\Affiliate\GetAffiliateCommissionRequestTest" classname="GoSuccess.Digistore24.Api.Tests.Unit.Request.Affiliate.GetAffiliateCommissionRequestTest" assertions="1" time="0.000068"/>
        <testcase name="test_to_array_returns_correct_data" file="D:\digistore24-api\tests\Unit\Request\Affiliate\GetAffiliateCommissionRequestTest.php" line="33" class="GoSuccess\Digistore24\Api\Tests\Unit\Request\Affiliate\GetAffiliateCommissionRequestTest" classname="GoSuccess.Digistore24.Api.Tests.Unit.Request.Affiliate.GetAffiliateCommissionRequestTest" assertions="3" time="0.000068"/>
        <testcase name="test_validate_returns_empty_array_for_valid_data" file="D:\digistore24-api\tests\Unit\Request\Affiliate\GetAffiliateCommissionRequestTest.php" line="47" class="GoSuccess\Digistore24\Api\Tests\Unit\Request\Affiliate\GetAffiliateCommissionRequestTest" classname="GoSuccess.Digistore24.Api.Tests.Unit.Request.Affiliate.GetAffiliateCommissionRequestTest" assertions="2" time="0.000068"/>
      </testsuite>
      <testsuite name="GoSuccess\Digistore24\Api\Tests\Unit\Request\Affiliate\GetAffiliateForEmailRequestTest" file="D:\digistore24-api\tests\Unit\Request\Affiliate\GetAffiliateForEmailRequestTest.php" tests="4" assertions="6" errors="0" failures="0" skipped="0" time="0.000498">
        <testcase name="test_can_create_instance_with_email" file="D:\digistore24-api\tests\Unit\Request\Affiliate\GetAffiliateForEmailRequestTest.php" line="12" class="GoSuccess\Digistore24\Api\Tests\Unit\Request\Affiliate\GetAffiliateForEmailRequestTest" classname="GoSuccess.Digistore24.Api.Tests.Unit.Request.Affiliate.GetAffiliateForEmailRequestTest" assertions="1" time="0.000293"/>
        <testcase name="test_endpoint_returns_correct_value" file="D:\digistore24-api\tests\Unit\Request\Affiliate\GetAffiliateForEmailRequestTest.php" line="19" class="GoSuccess\Digistore24\Api\Tests\Unit\Request\Affiliate\GetAffiliateForEmailRequestTest" classname="GoSuccess.Digistore24.Api.Tests.Unit.Request.Affiliate.GetAffiliateForEmailRequestTest" assertions="1" time="0.000069"/>
        <testcase name="test_to_array_returns_correct_data" file="D:\digistore24-api\tests\Unit\Request\Affiliate\GetAffiliateForEmailRequestTest.php" line="26" class="GoSuccess\Digistore24\Api\Tests\Unit\Request\Affiliate\GetAffiliateForEmailRequestTest" classname="GoSuccess.Digistore24.Api.Tests.Unit.Request.Affiliate.GetAffiliateForEmailRequestTest" assertions="2" time="0.000068"/>
        <testcase name="test_validate_returns_empty_array" file="D:\digistore24-api\tests\Unit\Request\Affiliate\GetAffiliateForEmailRequestTest.php" line="36" class="GoSuccess\Digistore24\Api\Tests\Unit\Request\Affiliate\GetAffiliateForEmailRequestTest" classname="GoSuccess.Digistore24.Api.Tests.Unit.Request.Affiliate.GetAffiliateForEmailRequestTest" assertions="2" time="0.000068"/>
      </testsuite>
      <testsuite name="GoSuccess\Digistore24\Api\Tests\Unit\Request\Affiliate\GetReferringAffiliateRequestTest" file="D:\digistore24-api\tests\Unit\Request\Affiliate\GetReferringAffiliateRequestTest.php" tests="4" assertions="6" errors="0" failures="0" skipped="0" time="0.000641">
        <testcase name="test_can_create_instance_with_purchase_id" file="D:\digistore24-api\tests\Unit\Request\Affiliate\GetReferringAffiliateRequestTest.php" line="12" class="GoSuccess\Digistore24\Api\Tests\Unit\Request\Affiliate\GetReferringAffiliateRequestTest" classname="GoSuccess.Digistore24.Api.Tests.Unit.Request.Affiliate.GetReferringAffiliateRequestTest" assertions="1" time="0.000299"/>
        <testcase name="test_endpoint_returns_correct_value" file="D:\digistore24-api\tests\Unit\Request\Affiliate\GetReferringAffiliateRequestTest.php" line="19" class="GoSuccess\Digistore24\Api\Tests\Unit\Request\Affiliate\GetReferringAffiliateRequestTest" classname="GoSuccess.Digistore24.Api.Tests.Unit.Request.Affiliate.GetReferringAffiliateRequestTest" assertions="1" time="0.000071"/>
        <testcase name="test_to_array_returns_correct_data" file="D:\digistore24-api\tests\Unit\Request\Affiliate\GetReferringAffiliateRequestTest.php" line="26" class="GoSuccess\Digistore24\Api\Tests\Unit\Request\Affiliate\GetReferringAffiliateRequestTest" classname="GoSuccess.Digistore24.Api.Tests.Unit.Request.Affiliate.GetReferringAffiliateRequestTest" assertions="2" time="0.000186"/>
        <testcase name="test_validate_returns_empty_array" file="D:\digistore24-api\tests\Unit\Request\Affiliate\GetReferringAffiliateRequestTest.php" line="36" class="GoSuccess\Digistore24\Api\Tests\Unit\Request\Affiliate\GetReferringAffiliateRequestTest" classname="GoSuccess.Digistore24.Api.Tests.Unit.Request.Affiliate.GetReferringAffiliateRequestTest" assertions="2" time="0.000086"/>
      </testsuite>
      <testsuite name="GoSuccess\Digistore24\Api\Tests\Unit\Request\Affiliate\SetAffiliateForEmailRequestTest" file="D:\digistore24-api\tests\Unit\Request\Affiliate\SetAffiliateForEmailRequestTest.php" tests="4" assertions="7" errors="0" failures="0" skipped="0" time="0.000509">
        <testcase name="test_can_create_instance" file="D:\digistore24-api\tests\Unit\Request\Affiliate\SetAffiliateForEmailRequestTest.php" line="12" class="GoSuccess\Digistore24\Api\Tests\Unit\Request\Affiliate\SetAffiliateForEmailRequestTest" classname="GoSuccess.Digistore24.Api.Tests.Unit.Request.Affiliate.SetAffiliateForEmailRequestTest" assertions="1" time="0.000300"/>
        <testcase name="test_endpoint_returns_correct_value" file="D:\digistore24-api\tests\Unit\Request\Affiliate\SetAffiliateForEmailRequestTest.php" line="22" class="GoSuccess\Digistore24\Api\Tests\Unit\Request\Affiliate\SetAffiliateForEmailRequestTest" classname="GoSuccess.Digistore24.Api.Tests.Unit.Request.Affiliate.SetAffiliateForEmailRequestTest" assertions="1" time="0.000069"/>
        <testcase name="test_to_array_returns_correct_data" file="D:\digistore24-api\tests\Unit\Request\Affiliate\SetAffiliateForEmailRequestTest.php" line="32" class="GoSuccess\Digistore24\Api\Tests\Unit\Request\Affiliate\SetAffiliateForEmailRequestTest" classname="GoSuccess.Digistore24.Api.Tests.Unit.Request.Affiliate.SetAffiliateForEmailRequestTest" assertions="3" time="0.000072"/>
        <testcase name="test_validate_returns_empty_array" file="D:\digistore24-api\tests\Unit\Request\Affiliate\SetAffiliateForEmailRequestTest.php" line="46" class="GoSuccess\Digistore24\Api\Tests\Unit\Request\Affiliate\SetAffiliateForEmailRequestTest" classname="GoSuccess.Digistore24.Api.Tests.Unit.Request.Affiliate.SetAffiliateForEmailRequestTest" assertions="2" time="0.000068"/>
      </testsuite>
      <testsuite name="GoSuccess\Digistore24\Api\Tests\Unit\Request\Affiliate\SetReferringAffiliateRequestTest" file="D:\digistore24-api\tests\Unit\Request\Affiliate\SetReferringAffiliateRequestTest.php" tests="4" assertions="7" errors="0" failures="0" skipped="0" time="0.000560">
        <testcase name="test_can_create_instance" file="D:\digistore24-api\tests\Unit\Request\Affiliate\SetReferringAffiliateRequestTest.php" line="12" class="GoSuccess\Digistore24\Api\Tests\Unit\Request\Affiliate\SetReferringAffiliateRequestTest" classname="GoSuccess.Digistore24.Api.Tests.Unit.Request.Affiliate.SetReferringAffiliateRequestTest" assertions="1" time="0.000341"/>
        <testcase name="test_endpoint_returns_correct_value" file="D:\digistore24-api\tests\Unit\Request\Affiliate\SetReferringAffiliateRequestTest.php" line="22" class="GoSuccess\Digistore24\Api\Tests\Unit\Request\Affiliate\SetReferringAffiliateRequestTest" classname="GoSuccess.Digistore24.Api.Tests.Unit.Request.Affiliate.SetReferringAffiliateRequestTest" assertions="1" time="0.000074"/>
        <testcase name="test_to_array_returns_correct_data" file="D:\digistore24-api\tests\Unit\Request\Affiliate\SetReferringAffiliateRequestTest.php" line="32" class="GoSuccess\Digistore24\Api\Tests\Unit\Request\Affiliate\SetReferringAffiliateRequestTest" classname="GoSuccess.Digistore24.Api.Tests.Unit.Request.Affiliate.SetReferringAffiliateRequestTest" assertions="3" time="0.000074"/>
        <testcase name="test_validate_returns_empty_array" file="D:\digistore24-api\tests\Unit\Request\Affiliate\SetReferringAffiliateRequestTest.php" line="46" class="GoSuccess\Digistore24\Api\Tests\Unit\Request\Affiliate\SetReferringAffiliateRequestTest" classname="GoSuccess.Digistore24.Api.Tests.Unit.Request.Affiliate.SetReferringAffiliateRequestTest" assertions="2" time="0.000070"/>
      </testsuite>
      <testsuite name="GoSuccess\Digistore24\Api\Tests\Unit\Request\Affiliate\UpdateAffiliateCommissionRequestTest" file="D:\digistore24-api\tests\Unit\Request\Affiliate\UpdateAffiliateCommissionRequestTest.php" tests="4" assertions="9" errors="0" failures="0" skipped="0" time="0.000946">
        <testcase name="test_can_create_instance" file="D:\digistore24-api\tests\Unit\Request\Affiliate\UpdateAffiliateCommissionRequestTest.php" line="12" class="GoSuccess\Digistore24\Api\Tests\Unit\Request\Affiliate\UpdateAffiliateCommissionRequestTest" classname="GoSuccess.Digistore24.Api.Tests.Unit.Request.Affiliate.UpdateAffiliateCommissionRequestTest" assertions="1" time="0.000656"/>
        <testcase name="test_endpoint_returns_correct_value" file="D:\digistore24-api\tests\Unit\Request\Affiliate\UpdateAffiliateCommissionRequestTest.php" line="23" class="GoSuccess\Digistore24\Api\Tests\Unit\Request\Affiliate\UpdateAffiliateCommissionRequestTest" classname="GoSuccess.Digistore24.Api.Tests.Unit.Request.Affiliate.UpdateAffiliateCommissionRequestTest" assertions="1" time="0.000115"/>
        <testcase name="test_to_array_includes_all_data" file="D:\digistore24-api\tests\Unit\Request\Affiliate\UpdateAffiliateCommissionRequestTest.php" line="34" class="GoSuccess\Digistore24\Api\Tests\Unit\Request\Affiliate\UpdateAffiliateCommissionRequestTest" classname="GoSuccess.Digistore24.Api.Tests.Unit.Request.Affiliate.UpdateAffiliateCommissionRequestTest" assertions="5" time="0.000084"/>
        <testcase name="test_validate_returns_empty_array" file="D:\digistore24-api\tests\Unit\Request\Affiliate\UpdateAffiliateCommissionRequestTest.php" line="51" class="GoSuccess\Digistore24\Api\Tests\Unit\Request\Affiliate\UpdateAffiliateCommissionRequestTest" classname="GoSuccess.Digistore24.Api.Tests.Unit.Request.Affiliate.UpdateAffiliateCommissionRequestTest" assertions="2" time="0.000090"/>
      </testsuite>
      <testsuite name="GoSuccess\Digistore24\Api\Tests\Unit\Request\Affiliate\ValidateAffiliateRequestTest" file="D:\digistore24-api\tests\Unit\Request\Affiliate\ValidateAffiliateRequestTest.php" tests="4" assertions="6" errors="0" failures="0" skipped="0" time="0.000753">
        <testcase name="test_can_create_instance" file="D:\digistore24-api\tests\Unit\Request\Affiliate\ValidateAffiliateRequestTest.php" line="12" class="GoSuccess\Digistore24\Api\Tests\Unit\Request\Affiliate\ValidateAffiliateRequestTest" classname="GoSuccess.Digistore24.Api.Tests.Unit.Request.Affiliate.ValidateAffiliateRequestTest" assertions="1" time="0.000535"/>
        <testcase name="test_endpoint_returns_correct_value" file="D:\digistore24-api\tests\Unit\Request\Affiliate\ValidateAffiliateRequestTest.php" line="19" class="GoSuccess\Digistore24\Api\Tests\Unit\Request\Affiliate\ValidateAffiliateRequestTest" classname="GoSuccess.Digistore24.Api.Tests.Unit.Request.Affiliate.ValidateAffiliateRequestTest" assertions="1" time="0.000075"/>
        <testcase name="test_to_array_includes_affiliate_id" file="D:\digistore24-api\tests\Unit\Request\Affiliate\ValidateAffiliateRequestTest.php" line="26" class="GoSuccess\Digistore24\Api\Tests\Unit\Request\Affiliate\ValidateAffiliateRequestTest" classname="GoSuccess.Digistore24.Api.Tests.Unit.Request.Affiliate.ValidateAffiliateRequestTest" assertions="2" time="0.000073"/>
        <testcase name="test_validate_returns_empty_array" file="D:\digistore24-api\tests\Unit\Request\Affiliate\ValidateAffiliateRequestTest.php" line="36" class="GoSuccess\Digistore24\Api\Tests\Unit\Request\Affiliate\ValidateAffiliateRequestTest" classname="GoSuccess.Digistore24.Api.Tests.Unit.Request.Affiliate.ValidateAffiliateRequestTest" assertions="2" time="0.000071"/>
      </testsuite>
      <testsuite name="GoSuccess\Digistore24\Api\Tests\Unit\Request\ApiKey\RequestApiKeyRequestTest" file="D:\digistore24-api\tests\Unit\Request\ApiKey\RequestApiKeyRequestTest.php" tests="4" assertions="6" errors="0" failures="0" skipped="0" time="0.000592">
        <testcase name="test_can_create_instance" file="D:\digistore24-api\tests\Unit\Request\ApiKey\RequestApiKeyRequestTest.php" line="12" class="GoSuccess\Digistore24\Api\Tests\Unit\Request\ApiKey\RequestApiKeyRequestTest" classname="GoSuccess.Digistore24.Api.Tests.Unit.Request.ApiKey.RequestApiKeyRequestTest" assertions="1" time="0.000378"/>
        <testcase name="test_endpoint_returns_correct_value" file="D:\digistore24-api\tests\Unit\Request\ApiKey\RequestApiKeyRequestTest.php" line="19" class="GoSuccess\Digistore24\Api\Tests\Unit\Request\ApiKey\RequestApiKeyRequestTest" classname="GoSuccess.Digistore24.Api.Tests.Unit.Request.ApiKey.RequestApiKeyRequestTest" assertions="1" time="0.000071"/>
        <testcase name="test_to_array_includes_email" file="D:\digistore24-api\tests\Unit\Request\ApiKey\RequestApiKeyRequestTest.php" line="26" class="GoSuccess\Digistore24\Api\Tests\Unit\Request\ApiKey\RequestApiKeyRequestTest" classname="GoSuccess.Digistore24.Api.Tests.Unit.Request.ApiKey.RequestApiKeyRequestTest" assertions="2" time="0.000073"/>
        <testcase name="test_validate_returns_empty_array" file="D:\digistore24-api\tests\Unit\Request\ApiKey\RequestApiKeyRequestTest.php" line="36" class="GoSuccess\Digistore24\Api\Tests\Unit\Request\ApiKey\RequestApiKeyRequestTest" classname="GoSuccess.Digistore24.Api.Tests.Unit.Request.ApiKey.RequestApiKeyRequestTest" assertions="2" time="0.000070"/>
      </testsuite>
      <testsuite name="GoSuccess\Digistore24\Api\Tests\Unit\Request\ApiKey\RetrieveApiKeyRequestTest" file="D:\digistore24-api\tests\Unit\Request\ApiKey\RetrieveApiKeyRequestTest.php" tests="4" assertions="7" errors="0" failures="0" skipped="0" time="0.000552">
        <testcase name="test_can_create_instance" file="D:\digistore24-api\tests\Unit\Request\ApiKey\RetrieveApiKeyRequestTest.php" line="12" class="GoSuccess\Digistore24\Api\Tests\Unit\Request\ApiKey\RetrieveApiKeyRequestTest" classname="GoSuccess.Digistore24.Api.Tests.Unit.Request.ApiKey.RetrieveApiKeyRequestTest" assertions="1" time="0.000334"/>
        <testcase name="test_endpoint_returns_correct_value" file="D:\digistore24-api\tests\Unit\Request\ApiKey\RetrieveApiKeyRequestTest.php" line="22" class="GoSuccess\Digistore24\Api\Tests\Unit\Request\ApiKey\RetrieveApiKeyRequestTest" classname="GoSuccess.Digistore24.Api.Tests.Unit.Request.ApiKey.RetrieveApiKeyRequestTest" assertions="1" time="0.000070"/>
        <testcase name="test_to_array_includes_all_data" file="D:\digistore24-api\tests\Unit\Request\ApiKey\RetrieveApiKeyRequestTest.php" line="32" class="GoSuccess\Digistore24\Api\Tests\Unit\Request\ApiKey\RetrieveApiKeyRequestTest" classname="GoSuccess.Digistore24.Api.Tests.Unit.Request.ApiKey.RetrieveApiKeyRequestTest" assertions="3" time="0.000080"/>
        <testcase name="test_validate_returns_empty_array" file="D:\digistore24-api\tests\Unit\Request\ApiKey\RetrieveApiKeyRequestTest.php" line="46" class="GoSuccess\Digistore24\Api\Tests\Unit\Request\ApiKey\RetrieveApiKeyRequestTest" classname="GoSuccess.Digistore24.Api.Tests.Unit.Request.ApiKey.RetrieveApiKeyRequestTest" assertions="2" time="0.000068"/>
      </testsuite>
      <testsuite name="GoSuccess\Digistore24\Api\Tests\Unit\Request\ApiKey\UnregisterRequestTest" file="D:\digistore24-api\tests\Unit\Request\ApiKey\UnregisterRequestTest.php" tests="4" assertions="6" errors="0" failures="0" skipped="0" time="0.000501">
        <testcase name="test_can_create_instance" file="D:\digistore24-api\tests\Unit\Request\ApiKey\UnregisterRequestTest.php" line="12" class="GoSuccess\Digistore24\Api\Tests\Unit\Request\ApiKey\UnregisterRequestTest" classname="GoSuccess.Digistore24.Api.Tests.Unit.Request.ApiKey.UnregisterRequestTest" assertions="1" time="0.000293"/>
        <testcase name="test_endpoint_returns_correct_value" file="D:\digistore24-api\tests\Unit\Request\ApiKey\UnregisterRequestTest.php" line="19" class="GoSuccess\Digistore24\Api\Tests\Unit\Request\ApiKey\UnregisterRequestTest" classname="GoSuccess.Digistore24.Api.Tests.Unit.Request.ApiKey.UnregisterRequestTest" assertions="1" time="0.000070"/>
        <testcase name="test_to_array_returns_empty_array" file="D:\digistore24-api\tests\Unit\Request\ApiKey\UnregisterRequestTest.php" line="26" class="GoSuccess\Digistore24\Api\Tests\Unit\Request\ApiKey\UnregisterRequestTest" classname="GoSuccess.Digistore24.Api.Tests.Unit.Request.ApiKey.UnregisterRequestTest" assertions="2" time="0.000068"/>
        <testcase name="test_validate_returns_empty_array" file="D:\digistore24-api\tests\Unit\Request\ApiKey\UnregisterRequestTest.php" line="36" class="GoSuccess\Digistore24\Api\Tests\Unit\Request\ApiKey\UnregisterRequestTest" classname="GoSuccess.Digistore24.Api.Tests.Unit.Request.ApiKey.UnregisterRequestTest" assertions="2" time="0.000070"/>
      </testsuite>
      <testsuite name="GoSuccess\Digistore24\Api\Tests\Unit\Request\Billing\CreateBillingOnDemandRequestTest" file="D:\digistore24-api\tests\Unit\Request\Billing\CreateBillingOnDemandRequestTest.php" tests="5" assertions="13" errors="0" failures="0" skipped="0" time="0.000822">
        <testcase name="test_can_create_instance" file="D:\digistore24-api\tests\Unit\Request\Billing\CreateBillingOnDemandRequestTest.php" line="12" class="GoSuccess\Digistore24\Api\Tests\Unit\Request\Billing\CreateBillingOnDemandRequestTest" classname="GoSuccess.Digistore24.Api.Tests.Unit.Request.Billing.CreateBillingOnDemandRequestTest" assertions="1" time="0.000432"/>
        <testcase name="test_endpoint_returns_correct_value" file="D:\digistore24-api\tests\Unit\Request\Billing\CreateBillingOnDemandRequestTest.php" line="22" class="GoSuccess\Digistore24\Api\Tests\Unit\Request\Billing\CreateBillingOnDemandRequestTest" classname="GoSuccess.Digistore24.Api.Tests.Unit.Request.Billing.CreateBillingOnDemandRequestTest" assertions="1" time="0.000102"/>
        <testcase name="test_to_array_includes_required_data" file="D:\digistore24-api\tests\Unit\Request\Billing\CreateBillingOnDemandRequestTest.php" line="32" class="GoSuccess\Digistore24\Api\Tests\Unit\Request\Billing\CreateBillingOnDemandRequestTest" classname="GoSuccess.Digistore24.Api.Tests.Unit.Request.Billing.CreateBillingOnDemandRequestTest" assertions="3" time="0.000116"/>
        <testcase name="test_to_array_includes_optional_data" file="D:\digistore24-api\tests\Unit\Request\Billing\CreateBillingOnDemandRequestTest.php" line="46" class="GoSuccess\Digistore24\Api\Tests\Unit\Request\Billing\CreateBillingOnDemandRequestTest" classname="GoSuccess.Digistore24.Api.Tests.Unit.Request.Billing.CreateBillingOnDemandRequestTest" assertions="6" time="0.000093"/>
        <testcase name="test_validate_returns_empty_array" file="D:\digistore24-api\tests\Unit\Request\Billing\CreateBillingOnDemandRequestTest.php" line="68" class="GoSuccess\Digistore24\Api\Tests\Unit\Request\Billing\CreateBillingOnDemandRequestTest" classname="GoSuccess.Digistore24.Api.Tests.Unit.Request.Billing.CreateBillingOnDemandRequestTest" assertions="2" time="0.000079"/>
      </testsuite>
      <testsuite name="GoSuccess\Digistore24\Api\Tests\Unit\Request\Billing\RefundPartiallyRequestTest" file="D:\digistore24-api\tests\Unit\Request\Billing\RefundPartiallyRequestTest.php" tests="4" assertions="7" errors="0" failures="0" skipped="0" time="0.000799">
        <testcase name="test_can_create_instance" file="D:\digistore24-api\tests\Unit\Request\Billing\RefundPartiallyRequestTest.php" line="12" class="GoSuccess\Digistore24\Api\Tests\Unit\Request\Billing\RefundPartiallyRequestTest" classname="GoSuccess.Digistore24.Api.Tests.Unit.Request.Billing.RefundPartiallyRequestTest" assertions="1" time="0.000540"/>
        <testcase name="test_endpoint_returns_correct_value" file="D:\digistore24-api\tests\Unit\Request\Billing\RefundPartiallyRequestTest.php" line="22" class="GoSuccess\Digistore24\Api\Tests\Unit\Request\Billing\RefundPartiallyRequestTest" classname="GoSuccess.Digistore24.Api.Tests.Unit.Request.Billing.RefundPartiallyRequestTest" assertions="1" time="0.000113"/>
        <testcase name="test_to_array_includes_all_data" file="D:\digistore24-api\tests\Unit\Request\Billing\RefundPartiallyRequestTest.php" line="32" class="GoSuccess\Digistore24\Api\Tests\Unit\Request\Billing\RefundPartiallyRequestTest" classname="GoSuccess.Digistore24.Api.Tests.Unit.Request.Billing.RefundPartiallyRequestTest" assertions="3" time="0.000075"/>
        <testcase name="test_validate_returns_empty_array" file="D:\digistore24-api\tests\Unit\Request\Billing\RefundPartiallyRequestTest.php" line="46" class="GoSuccess\Digistore24\Api\Tests\Unit\Request\Billing\RefundPartiallyRequestTest" classname="GoSuccess.Digistore24.Api.Tests.Unit.Request.Billing.RefundPartiallyRequestTest" assertions="2" time="0.000071"/>
      </testsuite>
      <testsuite name="GoSuccess\Digistore24\Api\Tests\Unit\Request\BuyUrl\CreateBuyUrlRequestTest" file="D:\digistore24-api\tests\Unit\Request\BuyUrl\CreateBuyUrlRequestTest.php" tests="6" assertions="11" errors="0" failures="0" skipped="0" time="0.001028">
        <testcase name="test_can_create_instance" file="D:\digistore24-api\tests\Unit\Request\BuyUrl\CreateBuyUrlRequestTest.php" line="12" class="GoSuccess\Digistore24\Api\Tests\Unit\Request\BuyUrl\CreateBuyUrlRequestTest" classname="GoSuccess.Digistore24.Api.Tests.Unit.Request.BuyUrl.CreateBuyUrlRequestTest" assertions="1" time="0.000611"/>
        <testcase name="test_endpoint_returns_correct_value" file="D:\digistore24-api\tests\Unit\Request\BuyUrl\CreateBuyUrlRequestTest.php" line="20" class="GoSuccess\Digistore24\Api\Tests\Unit\Request\BuyUrl\CreateBuyUrlRequestTest" classname="GoSuccess.Digistore24.Api.Tests.Unit.Request.BuyUrl.CreateBuyUrlRequestTest" assertions="1" time="0.000081"/>
        <testcase name="test_to_array_includes_product_id" file="D:\digistore24-api\tests\Unit\Request\BuyUrl\CreateBuyUrlRequestTest.php" line="28" class="GoSuccess\Digistore24\Api\Tests\Unit\Request\BuyUrl\CreateBuyUrlRequestTest" classname="GoSuccess.Digistore24.Api.Tests.Unit.Request.BuyUrl.CreateBuyUrlRequestTest" assertions="2" time="0.000088"/>
        <testcase name="test_to_array_includes_optional_data" file="D:\digistore24-api\tests\Unit\Request\BuyUrl\CreateBuyUrlRequestTest.php" line="39" class="GoSuccess\Digistore24\Api\Tests\Unit\Request\BuyUrl\CreateBuyUrlRequestTest" classname="GoSuccess.Digistore24.Api.Tests.Unit.Request.BuyUrl.CreateBuyUrlRequestTest" assertions="3" time="0.000090"/>
        <testcase name="test_validate_fails_without_product_id" file="D:\digistore24-api\tests\Unit\Request\BuyUrl\CreateBuyUrlRequestTest.php" line="53" class="GoSuccess\Digistore24\Api\Tests\Unit\Request\BuyUrl\CreateBuyUrlRequestTest" classname="GoSuccess.Digistore24.Api.Tests.Unit.Request.BuyUrl.CreateBuyUrlRequestTest" assertions="2" time="0.000084"/>
        <testcase name="test_validate_succeeds_with_product_id" file="D:\digistore24-api\tests\Unit\Request\BuyUrl\CreateBuyUrlRequestTest.php" line="63" class="GoSuccess\Digistore24\Api\Tests\Unit\Request\BuyUrl\CreateBuyUrlRequestTest" classname="GoSuccess.Digistore24.Api.Tests.Unit.Request.BuyUrl.CreateBuyUrlRequestTest" assertions="2" time="0.000075"/>
      </testsuite>
      <testsuite name="GoSuccess\Digistore24\Api\Tests\Unit\Request\BuyUrl\DeleteBuyUrlRequestTest" file="D:\digistore24-api\tests\Unit\Request\BuyUrl\DeleteBuyUrlRequestTest.php" tests="5" assertions="8" errors="0" failures="0" skipped="0" time="0.000608">
        <testcase name="test_can_create_instance" file="D:\digistore24-api\tests\Unit\Request\BuyUrl\DeleteBuyUrlRequestTest.php" line="12" class="GoSuccess\Digistore24\Api\Tests\Unit\Request\BuyUrl\DeleteBuyUrlRequestTest" classname="GoSuccess.Digistore24.Api.Tests.Unit.Request.BuyUrl.DeleteBuyUrlRequestTest" assertions="1" time="0.000333"/>
        <testcase name="test_endpoint_returns_correct_value" file="D:\digistore24-api\tests\Unit\Request\BuyUrl\DeleteBuyUrlRequestTest.php" line="19" class="GoSuccess\Digistore24\Api\Tests\Unit\Request\BuyUrl\DeleteBuyUrlRequestTest" classname="GoSuccess.Digistore24.Api.Tests.Unit.Request.BuyUrl.DeleteBuyUrlRequestTest" assertions="1" time="0.000069"/>
        <testcase name="test_to_array_includes_id" file="D:\digistore24-api\tests\Unit\Request\BuyUrl\DeleteBuyUrlRequestTest.php" line="26" class="GoSuccess\Digistore24\Api\Tests\Unit\Request\BuyUrl\DeleteBuyUrlRequestTest" classname="GoSuccess.Digistore24.Api.Tests.Unit.Request.BuyUrl.DeleteBuyUrlRequestTest" assertions="2" time="0.000068"/>
        <testcase name="test_validate_returns_empty_array_for_valid_id" file="D:\digistore24-api\tests\Unit\Request\BuyUrl\DeleteBuyUrlRequestTest.php" line="36" class="GoSuccess\Digistore24\Api\Tests\Unit\Request\BuyUrl\DeleteBuyUrlRequestTest" classname="GoSuccess.Digistore24.Api.Tests.Unit.Request.BuyUrl.DeleteBuyUrlRequestTest" assertions="2" time="0.000068"/>
        <testcase name="test_validate_returns_error_for_invalid_id" file="D:\digistore24-api\tests\Unit\Request\BuyUrl\DeleteBuyUrlRequestTest.php" line="46" class="GoSuccess\Digistore24\Api\Tests\Unit\Request\BuyUrl\DeleteBuyUrlRequestTest" classname="GoSuccess.Digistore24.Api.Tests.Unit.Request.BuyUrl.DeleteBuyUrlRequestTest" assertions="2" time="0.000070"/>
      </testsuite>
      <testsuite name="GoSuccess\Digistore24\Api\Tests\Unit\Request\BuyUrl\ListBuyUrlsRequestTest" file="D:\digistore24-api\tests\Unit\Request\BuyUrl\ListBuyUrlsRequestTest.php" tests="4" assertions="6" errors="0" failures="0" skipped="0" time="0.000491">
        <testcase name="test_can_create_instance" file="D:\digistore24-api\tests\Unit\Request\BuyUrl\ListBuyUrlsRequestTest.php" line="12" class="GoSuccess\Digistore24\Api\Tests\Unit\Request\BuyUrl\ListBuyUrlsRequestTest" classname="GoSuccess.Digistore24.Api.Tests.Unit.Request.BuyUrl.ListBuyUrlsRequestTest" assertions="1" time="0.000287"/>
        <testcase name="test_endpoint_returns_correct_value" file="D:\digistore24-api\tests\Unit\Request\BuyUrl\ListBuyUrlsRequestTest.php" line="19" class="GoSuccess\Digistore24\Api\Tests\Unit\Request\BuyUrl\ListBuyUrlsRequestTest" classname="GoSuccess.Digistore24.Api.Tests.Unit.Request.BuyUrl.ListBuyUrlsRequestTest" assertions="1" time="0.000069"/>
        <testcase name="test_to_array_returns_empty_array" file="D:\digistore24-api\tests\Unit\Request\BuyUrl\ListBuyUrlsRequestTest.php" line="26" class="GoSuccess\Digistore24\Api\Tests\Unit\Request\BuyUrl\ListBuyUrlsRequestTest" classname="GoSuccess.Digistore24.Api.Tests.Unit.Request.BuyUrl.ListBuyUrlsRequestTest" assertions="2" time="0.000068"/>
        <testcase name="test_validate_returns_empty_array" file="D:\digistore24-api\tests\Unit\Request\BuyUrl\ListBuyUrlsRequestTest.php" line="36" class="GoSuccess\Digistore24\Api\Tests\Unit\Request\BuyUrl\ListBuyUrlsRequestTest" classname="GoSuccess.Digistore24.Api.Tests.Unit.Request.BuyUrl.ListBuyUrlsRequestTest" assertions="2" time="0.000067"/>
      </testsuite>
      <testsuite name="GoSuccess\Digistore24\Api\Tests\Unit\Request\Buyer\GetBuyerRequestTest" file="D:\digistore24-api\tests\Unit\Request\Buyer\GetBuyerRequestTest.php" tests="4" assertions="6" errors="0" failures="0" skipped="0" time="0.000562">
        <testcase name="test_can_create_instance" file="D:\digistore24-api\tests\Unit\Request\Buyer\GetBuyerRequestTest.php" line="12" class="GoSuccess\Digistore24\Api\Tests\Unit\Request\Buyer\GetBuyerRequestTest" classname="GoSuccess.Digistore24.Api.Tests.Unit.Request.Buyer.GetBuyerRequestTest" assertions="1" time="0.000359"/>
        <testcase name="test_endpoint_returns_correct_value" file="D:\digistore24-api\tests\Unit\Request\Buyer\GetBuyerRequestTest.php" line="19" class="GoSuccess\Digistore24\Api\Tests\Unit\Request\Buyer\GetBuyerRequestTest" classname="GoSuccess.Digistore24.Api.Tests.Unit.Request.Buyer.GetBuyerRequestTest" assertions="1" time="0.000068"/>
        <testcase name="test_to_array_includes_buyer_id" file="D:\digistore24-api\tests\Unit\Request\Buyer\GetBuyerRequestTest.php" line="26" class="GoSuccess\Digistore24\Api\Tests\Unit\Request\Buyer\GetBuyerRequestTest" classname="GoSuccess.Digistore24.Api.Tests.Unit.Request.Buyer.GetBuyerRequestTest" assertions="2" time="0.000067"/>
        <testcase name="test_validate_returns_empty_array" file="D:\digistore24-api\tests\Unit\Request\Buyer\GetBuyerRequestTest.php" line="36" class="GoSuccess\Digistore24\Api\Tests\Unit\Request\Buyer\GetBuyerRequestTest" classname="GoSuccess.Digistore24.Api.Tests.Unit.Request.Buyer.GetBuyerRequestTest" assertions="2" time="0.000067"/>
      </testsuite>
      <testsuite name="GoSuccess\Digistore24\Api\Tests\Unit\Request\Buyer\ListBuyersRequestTest" file="D:\digistore24-api\tests\Unit\Request\Buyer\ListBuyersRequestTest.php" tests="6" assertions="10" errors="0" failures="0" skipped="0" time="0.000644">
        <testcase name="test_can_create_instance" file="D:\digistore24-api\tests\Unit\Request\Buyer\ListBuyersRequestTest.php" line="12" class="GoSuccess\Digistore24\Api\Tests\Unit\Request\Buyer\ListBuyersRequestTest" classname="GoSuccess.Digistore24.Api.Tests.Unit.Request.Buyer.ListBuyersRequestTest" assertions="1" time="0.000304"/>
        <testcase name="test_can_create_instance_with_pagination" file="D:\digistore24-api\tests\Unit\Request\Buyer\ListBuyersRequestTest.php" line="19" class="GoSuccess\Digistore24\Api\Tests\Unit\Request\Buyer\ListBuyersRequestTest" classname="GoSuccess.Digistore24.Api.Tests.Unit.Request.Buyer.ListBuyersRequestTest" assertions="1" time="0.000068"/>
        <testcase name="test_endpoint_returns_correct_value" file="D:\digistore24-api\tests\Unit\Request\Buyer\ListBuyersRequestTest.php" line="26" class="GoSuccess\Digistore24\Api\Tests\Unit\Request\Buyer\ListBuyersRequestTest" classname="GoSuccess.Digistore24.Api.Tests.Unit.Request.Buyer.ListBuyersRequestTest" assertions="1" time="0.000068"/>
        <testcase name="test_to_array_returns_empty_array_without_pagination" file="D:\digistore24-api\tests\Unit\Request\Buyer\ListBuyersRequestTest.php" line="33" class="GoSuccess\Digistore24\Api\Tests\Unit\Request\Buyer\ListBuyersRequestTest" classname="GoSuccess.Digistore24.Api.Tests.Unit.Request.Buyer.ListBuyersRequestTest" assertions="2" time="0.000068"/>
        <testcase name="test_to_array_includes_pagination_data" file="D:\digistore24-api\tests\Unit\Request\Buyer\ListBuyersRequestTest.php" line="43" class="GoSuccess\Digistore24\Api\Tests\Unit\Request\Buyer\ListBuyersRequestTest" classname="GoSuccess.Digistore24.Api.Tests.Unit.Request.Buyer.ListBuyersRequestTest" assertions="3" time="0.000069"/>
        <testcase name="test_validate_returns_empty_array" file="D:\digistore24-api\tests\Unit\Request\Buyer\ListBuyersRequestTest.php" line="54" class="GoSuccess\Digistore24\Api\Tests\Unit\Request\Buyer\ListBuyersRequestTest" classname="GoSuccess.Digistore24.Api.Tests.Unit.Request.Buyer.ListBuyersRequestTest" assertions="2" time="0.000067"/>
      </testsuite>
      <testsuite name="GoSuccess\Digistore24\Api\Tests\Unit\Request\Buyer\UpdateBuyerRequestTest" file="D:\digistore24-api\tests\Unit\Request\Buyer\UpdateBuyerRequestTest.php" tests="5" assertions="14" errors="0" failures="0" skipped="0" time="0.000887">
        <testcase name="test_can_create_instance" file="D:\digistore24-api\tests\Unit\Request\Buyer\UpdateBuyerRequestTest.php" line="12" class="GoSuccess\Digistore24\Api\Tests\Unit\Request\Buyer\UpdateBuyerRequestTest" classname="GoSuccess.Digistore24.Api.Tests.Unit.Request.Buyer.UpdateBuyerRequestTest" assertions="1" time="0.000317"/>
        <testcase name="test_endpoint_returns_correct_value" file="D:\digistore24-api\tests\Unit\Request\Buyer\UpdateBuyerRequestTest.php" line="19" class="GoSuccess\Digistore24\Api\Tests\Unit\Request\Buyer\UpdateBuyerRequestTest" classname="GoSuccess.Digistore24.Api.Tests.Unit.Request.Buyer.UpdateBuyerRequestTest" assertions="1" time="0.000068"/>
        <testcase name="test_to_array_includes_buyer_id_only" file="D:\digistore24-api\tests\Unit\Request\Buyer\UpdateBuyerRequestTest.php" line="26" class="GoSuccess\Digistore24\Api\Tests\Unit\Request\Buyer\UpdateBuyerRequestTest" classname="GoSuccess.Digistore24.Api.Tests.Unit.Request.Buyer.UpdateBuyerRequestTest" assertions="3" time="0.000358"/>
        <testcase name="test_to_array_includes_all_optional_data" file="D:\digistore24-api\tests\Unit\Request\Buyer\UpdateBuyerRequestTest.php" line="37" class="GoSuccess\Digistore24\Api\Tests\Unit\Request\Buyer\UpdateBuyerRequestTest" classname="GoSuccess.Digistore24.Api.Tests.Unit.Request.Buyer.UpdateBuyerRequestTest" assertions="7" time="0.000075"/>
        <testcase name="test_validate_returns_empty_array" file="D:\digistore24-api\tests\Unit\Request\Buyer\UpdateBuyerRequestTest.php" line="58" class="GoSuccess\Digistore24\Api\Tests\Unit\Request\Buyer\UpdateBuyerRequestTest" classname="GoSuccess.Digistore24.Api.Tests.Unit.Request.Buyer.UpdateBuyerRequestTest" assertions="2" time="0.000069"/>
      </testsuite>
      <testsuite name="GoSuccess\Digistore24\Api\Tests\Unit\Request\Commission\ListCommissionsRequestTest" file="D:\digistore24-api\tests\Unit\Request\Commission\ListCommissionsRequestTest.php" tests="5" assertions="14" errors="0" failures="0" skipped="0" time="0.000662">
        <testcase name="test_can_create_instance" file="D:\digistore24-api\tests\Unit\Request\Commission\ListCommissionsRequestTest.php" line="12" class="GoSuccess\Digistore24\Api\Tests\Unit\Request\Commission\ListCommissionsRequestTest" classname="GoSuccess.Digistore24.Api.Tests.Unit.Request.Commission.ListCommissionsRequestTest" assertions="1" time="0.000380"/>
        <testcase name="test_endpoint_returns_correct_value" file="D:\digistore24-api\tests\Unit\Request\Commission\ListCommissionsRequestTest.php" line="19" class="GoSuccess\Digistore24\Api\Tests\Unit\Request\Commission\ListCommissionsRequestTest" classname="GoSuccess.Digistore24.Api.Tests.Unit.Request.Commission.ListCommissionsRequestTest" assertions="1" time="0.000068"/>
        <testcase name="test_to_array_returns_empty_array_without_parameters" file="D:\digistore24-api\tests\Unit\Request\Commission\ListCommissionsRequestTest.php" line="26" class="GoSuccess\Digistore24\Api\Tests\Unit\Request\Commission\ListCommissionsRequestTest" classname="GoSuccess.Digistore24.Api.Tests.Unit.Request.Commission.ListCommissionsRequestTest" assertions="2" time="0.000068"/>
        <testcase name="test_to_array_includes_all_optional_parameters" file="D:\digistore24-api\tests\Unit\Request\Commission\ListCommissionsRequestTest.php" line="36" class="GoSuccess\Digistore24\Api\Tests\Unit\Request\Commission\ListCommissionsRequestTest" classname="GoSuccess.Digistore24.Api.Tests.Unit.Request.Commission.ListCommissionsRequestTest" assertions="8" time="0.000078"/>
        <testcase name="test_validate_returns_empty_array" file="D:\digistore24-api\tests\Unit\Request\Commission\ListCommissionsRequestTest.php" line="60" class="GoSuccess\Digistore24\Api\Tests\Unit\Request\Commission\ListCommissionsRequestTest" classname="GoSuccess.Digistore24.Api.Tests.Unit.Request.Commission.ListCommissionsRequestTest" assertions="2" time="0.000068"/>
      </testsuite>
      <testsuite name="GoSuccess\Digistore24\Api\Tests\Unit\Request\ConversionTool\ListConversionToolsRequestTest" file="D:\digistore24-api\tests\Unit\Request\ConversionTool\ListConversionToolsRequestTest.php" tests="4" assertions="6" errors="0" failures="0" skipped="0" time="0.000808">
        <testcase name="test_can_create_instance" file="D:\digistore24-api\tests\Unit\Request\ConversionTool\ListConversionToolsRequestTest.php" line="12" class="GoSuccess\Digistore24\Api\Tests\Unit\Request\ConversionTool\ListConversionToolsRequestTest" classname="GoSuccess.Digistore24.Api.Tests.Unit.Request.ConversionTool.ListConversionToolsRequestTest" assertions="1" time="0.000513"/>
        <testcase name="test_endpoint_returns_correct_value" file="D:\digistore24-api\tests\Unit\Request\ConversionTool\ListConversionToolsRequestTest.php" line="19" class="GoSuccess\Digistore24\Api\Tests\Unit\Request\ConversionTool\ListConversionToolsRequestTest" classname="GoSuccess.Digistore24.Api.Tests.Unit.Request.ConversionTool.ListConversionToolsRequestTest" assertions="1" time="0.000069"/>
        <testcase name="test_to_array_includes_type" file="D:\digistore24-api\tests\Unit\Request\ConversionTool\ListConversionToolsRequestTest.php" line="26" class="GoSuccess\Digistore24\Api\Tests\Unit\Request\ConversionTool\ListConversionToolsRequestTest" classname="GoSuccess.Digistore24.Api.Tests.Unit.Request.ConversionTool.ListConversionToolsRequestTest" assertions="2" time="0.000122"/>
        <testcase name="test_validate_returns_empty_array" file="D:\digistore24-api\tests\Unit\Request\ConversionTool\ListConversionToolsRequestTest.php" line="36" class="GoSuccess\Digistore24\Api\Tests\Unit\Request\ConversionTool\ListConversionToolsRequestTest" classname="GoSuccess.Digistore24.Api.Tests.Unit.Request.ConversionTool.ListConversionToolsRequestTest" assertions="2" time="0.000104"/>
      </testsuite>
      <testsuite name="GoSuccess\Digistore24\Api\Tests\Unit\Request\ConversionTool\ValidateCouponCodeRequestTest" file="D:\digistore24-api\tests\Unit\Request\ConversionTool\ValidateCouponCodeRequestTest.php" tests="4" assertions="6" errors="0" failures="0" skipped="0" time="0.000765">
        <testcase name="test_can_create_instance" file="D:\digistore24-api\tests\Unit\Request\ConversionTool\ValidateCouponCodeRequestTest.php" line="12" class="GoSuccess\Digistore24\Api\Tests\Unit\Request\ConversionTool\ValidateCouponCodeRequestTest" classname="GoSuccess.Digistore24.Api.Tests.Unit.Request.ConversionTool.ValidateCouponCodeRequestTest" assertions="1" time="0.000495"/>
        <testcase name="test_endpoint_returns_correct_value" file="D:\digistore24-api\tests\Unit\Request\ConversionTool\ValidateCouponCodeRequestTest.php" line="19" class="GoSuccess\Digistore24\Api\Tests\Unit\Request\ConversionTool\ValidateCouponCodeRequestTest" classname="GoSuccess.Digistore24.Api.Tests.Unit.Request.ConversionTool.ValidateCouponCodeRequestTest" assertions="1" time="0.000077"/>
        <testcase name="test_to_array_includes_code" file="D:\digistore24-api\tests\Unit\Request\ConversionTool\ValidateCouponCodeRequestTest.php" line="26" class="GoSuccess\Digistore24\Api\Tests\Unit\Request\ConversionTool\ValidateCouponCodeRequestTest" classname="GoSuccess.Digistore24.Api.Tests.Unit.Request.ConversionTool.ValidateCouponCodeRequestTest" assertions="2" time="0.000086"/>
        <testcase name="test_validate_returns_empty_array" file="D:\digistore24-api\tests\Unit\Request\ConversionTool\ValidateCouponCodeRequestTest.php" line="36" class="GoSuccess\Digistore24\Api\Tests\Unit\Request\ConversionTool\ValidateCouponCodeRequestTest" classname="GoSuccess.Digistore24.Api.Tests.Unit.Request.ConversionTool.ValidateCouponCodeRequestTest" assertions="2" time="0.000108"/>
      </testsuite>
      <testsuite name="GoSuccess\Digistore24\Api\Tests\Unit\Request\Country\ListCountriesRequestTest" file="D:\digistore24-api\tests\Unit\Request\Country\ListCountriesRequestTest.php" tests="4" assertions="6" errors="0" failures="0" skipped="0" time="0.000736">
        <testcase name="test_can_create_instance" file="D:\digistore24-api\tests\Unit\Request\Country\ListCountriesRequestTest.php" line="12" class="GoSuccess\Digistore24\Api\Tests\Unit\Request\Country\ListCountriesRequestTest" classname="GoSuccess.Digistore24.Api.Tests.Unit.Request.Country.ListCountriesRequestTest" assertions="1" time="0.000514"/>
        <testcase name="test_endpoint_returns_correct_value" file="D:\digistore24-api\tests\Unit\Request\Country\ListCountriesRequestTest.php" line="19" class="GoSuccess\Digistore24\Api\Tests\Unit\Request\Country\ListCountriesRequestTest" classname="GoSuccess.Digistore24.Api.Tests.Unit.Request.Country.ListCountriesRequestTest" assertions="1" time="0.000072"/>
        <testcase name="test_to_array_returns_empty_array" file="D:\digistore24-api\tests\Unit\Request\Country\ListCountriesRequestTest.php" line="26" class="GoSuccess\Digistore24\Api\Tests\Unit\Request\Country\ListCountriesRequestTest" classname="GoSuccess.Digistore24.Api.Tests.Unit.Request.Country.ListCountriesRequestTest" assertions="2" time="0.000070"/>
        <testcase name="test_validate_returns_empty_array" file="D:\digistore24-api\tests\Unit\Request\Country\ListCountriesRequestTest.php" line="36" class="GoSuccess\Digistore24\Api\Tests\Unit\Request\Country\ListCountriesRequestTest" classname="GoSuccess.Digistore24.Api.Tests.Unit.Request.Country.ListCountriesRequestTest" assertions="2" time="0.000080"/>
      </testsuite>
      <testsuite name="GoSuccess\Digistore24\Api\Tests\Unit\Request\Country\ListCurrenciesRequestTest" file="D:\digistore24-api\tests\Unit\Request\Country\ListCurrenciesRequestTest.php" tests="6" assertions="9" errors="0" failures="0" skipped="0" time="0.000698">
        <testcase name="test_can_create_instance" file="D:\digistore24-api\tests\Unit\Request\Country\ListCurrenciesRequestTest.php" line="12" class="GoSuccess\Digistore24\Api\Tests\Unit\Request\Country\ListCurrenciesRequestTest" classname="GoSuccess.Digistore24.Api.Tests.Unit.Request.Country.ListCurrenciesRequestTest" assertions="1" time="0.000354"/>
        <testcase name="test_can_create_instance_with_convert_to" file="D:\digistore24-api\tests\Unit\Request\Country\ListCurrenciesRequestTest.php" line="19" class="GoSuccess\Digistore24\Api\Tests\Unit\Request\Country\ListCurrenciesRequestTest" classname="GoSuccess.Digistore24.Api.Tests.Unit.Request.Country.ListCurrenciesRequestTest" assertions="1" time="0.000071"/>
        <testcase name="test_endpoint_returns_correct_value" file="D:\digistore24-api\tests\Unit\Request\Country\ListCurrenciesRequestTest.php" line="26" class="GoSuccess\Digistore24\Api\Tests\Unit\Request\Country\ListCurrenciesRequestTest" classname="GoSuccess.Digistore24.Api.Tests.Unit.Request.Country.ListCurrenciesRequestTest" assertions="1" time="0.000068"/>
        <testcase name="test_to_array_returns_empty_array_without_convert_to" file="D:\digistore24-api\tests\Unit\Request\Country\ListCurrenciesRequestTest.php" line="33" class="GoSuccess\Digistore24\Api\Tests\Unit\Request\Country\ListCurrenciesRequestTest" classname="GoSuccess.Digistore24.Api.Tests.Unit.Request.Country.ListCurrenciesRequestTest" assertions="2" time="0.000069"/>
        <testcase name="test_to_array_includes_convert_to_when_set" file="D:\digistore24-api\tests\Unit\Request\Country\ListCurrenciesRequestTest.php" line="43" class="GoSuccess\Digistore24\Api\Tests\Unit\Request\Country\ListCurrenciesRequestTest" classname="GoSuccess.Digistore24.Api.Tests.Unit.Request.Country.ListCurrenciesRequestTest" assertions="2" time="0.000069"/>
        <testcase name="test_validate_returns_empty_array" file="D:\digistore24-api\tests\Unit\Request\Country\ListCurrenciesRequestTest.php" line="53" class="GoSuccess\Digistore24\Api\Tests\Unit\Request\Country\ListCurrenciesRequestTest" classname="GoSuccess.Digistore24.Api.Tests.Unit.Request.Country.ListCurrenciesRequestTest" assertions="2" time="0.000067"/>
      </testsuite>
      <testsuite name="GoSuccess\Digistore24\Api\Tests\Unit\Request\CustomForm\ListCustomFormRecordsRequestTest" file="D:\digistore24-api\tests\Unit\Request\CustomForm\ListCustomFormRecordsRequestTest.php" tests="6" assertions="9" errors="0" failures="0" skipped="0" time="0.000814">
        <testcase name="test_can_create_instance" file="D:\digistore24-api\tests\Unit\Request\CustomForm\ListCustomFormRecordsRequestTest.php" line="12" class="GoSuccess\Digistore24\Api\Tests\Unit\Request\CustomForm\ListCustomFormRecordsRequestTest" classname="GoSuccess.Digistore24.Api.Tests.Unit.Request.CustomForm.ListCustomFormRecordsRequestTest" assertions="1" time="0.000399"/>
        <testcase name="test_can_create_instance_with_purchase_id" file="D:\digistore24-api\tests\Unit\Request\CustomForm\ListCustomFormRecordsRequestTest.php" line="19" class="GoSuccess\Digistore24\Api\Tests\Unit\Request\CustomForm\ListCustomFormRecordsRequestTest" classname="GoSuccess.Digistore24.Api.Tests.Unit.Request.CustomForm.ListCustomFormRecordsRequestTest" assertions="1" time="0.000070"/>
        <testcase name="test_endpoint_returns_correct_value" file="D:\digistore24-api\tests\Unit\Request\CustomForm\ListCustomFormRecordsRequestTest.php" line="26" class="GoSuccess\Digistore24\Api\Tests\Unit\Request\CustomForm\ListCustomFormRecordsRequestTest" classname="GoSuccess.Digistore24.Api.Tests.Unit.Request.CustomForm.ListCustomFormRecordsRequestTest" assertions="1" time="0.000067"/>
        <testcase name="test_to_array_returns_empty_array_without_purchase_id" file="D:\digistore24-api\tests\Unit\Request\CustomForm\ListCustomFormRecordsRequestTest.php" line="33" class="GoSuccess\Digistore24\Api\Tests\Unit\Request\CustomForm\ListCustomFormRecordsRequestTest" classname="GoSuccess.Digistore24.Api.Tests.Unit.Request.CustomForm.ListCustomFormRecordsRequestTest" assertions="2" time="0.000080"/>
        <testcase name="test_to_array_includes_purchase_id_when_set" file="D:\digistore24-api\tests\Unit\Request\CustomForm\ListCustomFormRecordsRequestTest.php" line="43" class="GoSuccess\Digistore24\Api\Tests\Unit\Request\CustomForm\ListCustomFormRecordsRequestTest" classname="GoSuccess.Digistore24.Api.Tests.Unit.Request.CustomForm.ListCustomFormRecordsRequestTest" assertions="2" time="0.000070"/>
        <testcase name="test_validate_returns_empty_array" file="D:\digistore24-api\tests\Unit\Request\CustomForm\ListCustomFormRecordsRequestTest.php" line="53" class="GoSuccess\Digistore24\Api\Tests\Unit\Request\CustomForm\ListCustomFormRecordsRequestTest" classname="GoSuccess.Digistore24.Api.Tests.Unit.Request.CustomForm.ListCustomFormRecordsRequestTest" assertions="2" time="0.000129"/>
      </testsuite>
      <testsuite name="GoSuccess\Digistore24\Api\Tests\Unit\Request\Delivery\GetDeliveryRequestTest" file="D:\digistore24-api\tests\Unit\Request\Delivery\GetDeliveryRequestTest.php" tests="4" assertions="6" errors="0" failures="0" skipped="0" time="0.000606">
        <testcase name="test_can_create_instance" file="D:\digistore24-api\tests\Unit\Request\Delivery\GetDeliveryRequestTest.php" line="12" class="GoSuccess\Digistore24\Api\Tests\Unit\Request\Delivery\GetDeliveryRequestTest" classname="GoSuccess.Digistore24.Api.Tests.Unit.Request.Delivery.GetDeliveryRequestTest" assertions="1" time="0.000393"/>
        <testcase name="test_endpoint_returns_correct_value" file="D:\digistore24-api\tests\Unit\Request\Delivery\GetDeliveryRequestTest.php" line="19" class="GoSuccess\Digistore24\Api\Tests\Unit\Request\Delivery\GetDeliveryRequestTest" classname="GoSuccess.Digistore24.Api.Tests.Unit.Request.Delivery.GetDeliveryRequestTest" assertions="1" time="0.000071"/>
        <testcase name="test_to_array_includes_delivery_id" file="D:\digistore24-api\tests\Unit\Request\Delivery\GetDeliveryRequestTest.php" line="26" class="GoSuccess\Digistore24\Api\Tests\Unit\Request\Delivery\GetDeliveryRequestTest" classname="GoSuccess.Digistore24.Api.Tests.Unit.Request.Delivery.GetDeliveryRequestTest" assertions="2" time="0.000071"/>
        <testcase name="test_validate_returns_empty_array" file="D:\digistore24-api\tests\Unit\Request\Delivery\GetDeliveryRequestTest.php" line="36" class="GoSuccess\Digistore24\Api\Tests\Unit\Request\Delivery\GetDeliveryRequestTest" classname="GoSuccess.Digistore24.Api.Tests.Unit.Request.Delivery.GetDeliveryRequestTest" assertions="2" time="0.000071"/>
      </testsuite>
      <testsuite name="GoSuccess\Digistore24\Api\Tests\Unit\Request\Delivery\ListDeliveriesRequestTest" file="D:\digistore24-api\tests\Unit\Request\Delivery\ListDeliveriesRequestTest.php" tests="6" assertions="9" errors="0" failures="0" skipped="0" time="0.000649">
        <testcase name="test_can_create_instance" file="D:\digistore24-api\tests\Unit\Request\Delivery\ListDeliveriesRequestTest.php" line="12" class="GoSuccess\Digistore24\Api\Tests\Unit\Request\Delivery\ListDeliveriesRequestTest" classname="GoSuccess.Digistore24.Api.Tests.Unit.Request.Delivery.ListDeliveriesRequestTest" assertions="1" time="0.000306"/>
        <testcase name="test_can_create_instance_with_purchase_id" file="D:\digistore24-api\tests\Unit\Request\Delivery\ListDeliveriesRequestTest.php" line="19" class="GoSuccess\Digistore24\Api\Tests\Unit\Request\Delivery\ListDeliveriesRequestTest" classname="GoSuccess.Digistore24.Api.Tests.Unit.Request.Delivery.ListDeliveriesRequestTest" assertions="1" time="0.000070"/>
        <testcase name="test_endpoint_returns_correct_value" file="D:\digistore24-api\tests\Unit\Request\Delivery\ListDeliveriesRequestTest.php" line="26" class="GoSuccess\Digistore24\Api\Tests\Unit\Request\Delivery\ListDeliveriesRequestTest" classname="GoSuccess.Digistore24.Api.Tests.Unit.Request.Delivery.ListDeliveriesRequestTest" assertions="1" time="0.000067"/>
        <testcase name="test_to_array_returns_empty_array_without_purchase_id" file="D:\digistore24-api\tests\Unit\Request\Delivery\ListDeliveriesRequestTest.php" line="33" class="GoSuccess\Digistore24\Api\Tests\Unit\Request\Delivery\ListDeliveriesRequestTest" classname="GoSuccess.Digistore24.Api.Tests.Unit.Request.Delivery.ListDeliveriesRequestTest" assertions="2" time="0.000069"/>
        <testcase name="test_to_array_includes_purchase_id_when_set" file="D:\digistore24-api\tests\Unit\Request\Delivery\ListDeliveriesRequestTest.php" line="43" class="GoSuccess\Digistore24\Api\Tests\Unit\Request\Delivery\ListDeliveriesRequestTest" classname="GoSuccess.Digistore24.Api.Tests.Unit.Request.Delivery.ListDeliveriesRequestTest" assertions="2" time="0.000069"/>
        <testcase name="test_validate_returns_empty_array" file="D:\digistore24-api\tests\Unit\Request\Delivery\ListDeliveriesRequestTest.php" line="53" class="GoSuccess\Digistore24\Api\Tests\Unit\Request\Delivery\ListDeliveriesRequestTest" classname="GoSuccess.Digistore24.Api.Tests.Unit.Request.Delivery.ListDeliveriesRequestTest" assertions="2" time="0.000068"/>
      </testsuite>
      <testsuite name="GoSuccess\Digistore24\Api\Tests\Unit\Request\Delivery\UpdateDeliveryRequestTest" file="D:\digistore24-api\tests\Unit\Request\Delivery\UpdateDeliveryRequestTest.php" tests="4" assertions="8" errors="0" failures="0" skipped="0" time="0.000560">
        <testcase name="test_can_create_instance" file="D:\digistore24-api\tests\Unit\Request\Delivery\UpdateDeliveryRequestTest.php" line="12" class="GoSuccess\Digistore24\Api\Tests\Unit\Request\Delivery\UpdateDeliveryRequestTest" classname="GoSuccess.Digistore24.Api.Tests.Unit.Request.Delivery.UpdateDeliveryRequestTest" assertions="1" time="0.000348"/>
        <testcase name="test_endpoint_returns_correct_value" file="D:\digistore24-api\tests\Unit\Request\Delivery\UpdateDeliveryRequestTest.php" line="22" class="GoSuccess\Digistore24\Api\Tests\Unit\Request\Delivery\UpdateDeliveryRequestTest" classname="GoSuccess.Digistore24.Api.Tests.Unit.Request.Delivery.UpdateDeliveryRequestTest" assertions="1" time="0.000070"/>
        <testcase name="test_to_array_includes_delivery_id_and_data" file="D:\digistore24-api\tests\Unit\Request\Delivery\UpdateDeliveryRequestTest.php" line="32" class="GoSuccess\Digistore24\Api\Tests\Unit\Request\Delivery\UpdateDeliveryRequestTest" classname="GoSuccess.Digistore24.Api.Tests.Unit.Request.Delivery.UpdateDeliveryRequestTest" assertions="4" time="0.000073"/>
        <testcase name="test_validate_returns_empty_array" file="D:\digistore24-api\tests\Unit\Request\Delivery\UpdateDeliveryRequestTest.php" line="47" class="GoSuccess\Digistore24\Api\Tests\Unit\Request\Delivery\UpdateDeliveryRequestTest" classname="GoSuccess.Digistore24.Api.Tests.Unit.Request.Delivery.UpdateDeliveryRequestTest" assertions="2" time="0.000069"/>
      </testsuite>
      <testsuite name="GoSuccess\Digistore24\Api\Tests\Unit\Request\Eticket\CreateEticketRequestTest" file="D:\digistore24-api\tests\Unit\Request\Eticket\CreateEticketRequestTest.php" tests="3" assertions="4" errors="0" failures="0" skipped="0" time="0.000687">
        <testcase name="test_can_create_instance" file="D:\digistore24-api\tests\Unit\Request\Eticket\CreateEticketRequestTest.php" line="13" class="GoSuccess\Digistore24\Api\Tests\Unit\Request\Eticket\CreateEticketRequestTest" classname="GoSuccess.Digistore24.Api.Tests.Unit.Request.Eticket.CreateEticketRequestTest" assertions="1" time="0.000475"/>
        <testcase name="test_endpoint_returns_correct_value" file="D:\digistore24-api\tests\Unit\Request\Eticket\CreateEticketRequestTest.php" line="29" class="GoSuccess\Digistore24\Api\Tests\Unit\Request\Eticket\CreateEticketRequestTest" classname="GoSuccess.Digistore24.Api.Tests.Unit.Request.Eticket.CreateEticketRequestTest" assertions="1" time="0.000096"/>
        <testcase name="test_validate_returns_empty_array" file="D:\digistore24-api\tests\Unit\Request\Eticket\CreateEticketRequestTest.php" line="45" class="GoSuccess\Digistore24\Api\Tests\Unit\Request\Eticket\CreateEticketRequestTest" classname="GoSuccess.Digistore24.Api.Tests.Unit.Request.Eticket.CreateEticketRequestTest" assertions="2" time="0.000117"/>
      </testsuite>
      <testsuite name="GoSuccess\Digistore24\Api\Tests\Unit\Request\Eticket\GetEticketRequestTest" file="D:\digistore24-api\tests\Unit\Request\Eticket\GetEticketRequestTest.php" tests="4" assertions="5" errors="0" failures="0" skipped="0" time="0.000525">
        <testcase name="test_can_create_with_order_id" file="D:\digistore24-api\tests\Unit\Request\Eticket\GetEticketRequestTest.php" line="12" class="GoSuccess\Digistore24\Api\Tests\Unit\Request\Eticket\GetEticketRequestTest" classname="GoSuccess.Digistore24.Api.Tests.Unit.Request.Eticket.GetEticketRequestTest" assertions="1" time="0.000312"/>
        <testcase name="test_endpoint_returns_correct_value" file="D:\digistore24-api\tests\Unit\Request\Eticket\GetEticketRequestTest.php" line="21" class="GoSuccess\Digistore24\Api\Tests\Unit\Request\Eticket\GetEticketRequestTest" classname="GoSuccess.Digistore24.Api.Tests.Unit.Request.Eticket.GetEticketRequestTest" assertions="1" time="0.000077"/>
        <testcase name="test_to_array_converts_correctly" file="D:\digistore24-api\tests\Unit\Request\Eticket\GetEticketRequestTest.php" line="30" class="GoSuccess\Digistore24\Api\Tests\Unit\Request\Eticket\GetEticketRequestTest" classname="GoSuccess.Digistore24.Api.Tests.Unit.Request.Eticket.GetEticketRequestTest" assertions="2" time="0.000070"/>
        <testcase name="test_validation_passes_for_valid_data" file="D:\digistore24-api\tests\Unit\Request\Eticket\GetEticketRequestTest.php" line="42" class="GoSuccess\Digistore24\Api\Tests\Unit\Request\Eticket\GetEticketRequestTest" classname="GoSuccess.Digistore24.Api.Tests.Unit.Request.Eticket.GetEticketRequestTest" assertions="1" time="0.000067"/>
      </testsuite>
      <testsuite name="GoSuccess\Digistore24\Api\Tests\Unit\Request\Eticket\GetEticketSettingsRequestTest" file="D:\digistore24-api\tests\Unit\Request\Eticket\GetEticketSettingsRequestTest.php" tests="4" assertions="6" errors="0" failures="0" skipped="0" time="0.000545">
        <testcase name="test_can_create_instance" file="D:\digistore24-api\tests\Unit\Request\Eticket\GetEticketSettingsRequestTest.php" line="12" class="GoSuccess\Digistore24\Api\Tests\Unit\Request\Eticket\GetEticketSettingsRequestTest" classname="GoSuccess.Digistore24.Api.Tests.Unit.Request.Eticket.GetEticketSettingsRequestTest" assertions="1" time="0.000340"/>
        <testcase name="test_endpoint_returns_correct_value" file="D:\digistore24-api\tests\Unit\Request\Eticket\GetEticketSettingsRequestTest.php" line="19" class="GoSuccess\Digistore24\Api\Tests\Unit\Request\Eticket\GetEticketSettingsRequestTest" classname="GoSuccess.Digistore24.Api.Tests.Unit.Request.Eticket.GetEticketSettingsRequestTest" assertions="1" time="0.000069"/>
        <testcase name="test_to_array_returns_empty_array" file="D:\digistore24-api\tests\Unit\Request\Eticket\GetEticketSettingsRequestTest.php" line="26" class="GoSuccess\Digistore24\Api\Tests\Unit\Request\Eticket\GetEticketSettingsRequestTest" classname="GoSuccess.Digistore24.Api.Tests.Unit.Request.Eticket.GetEticketSettingsRequestTest" assertions="2" time="0.000068"/>
        <testcase name="test_validate_returns_empty_array" file="D:\digistore24-api\tests\Unit\Request\Eticket\GetEticketSettingsRequestTest.php" line="36" class="GoSuccess\Digistore24\Api\Tests\Unit\Request\Eticket\GetEticketSettingsRequestTest" classname="GoSuccess.Digistore24.Api.Tests.Unit.Request.Eticket.GetEticketSettingsRequestTest" assertions="2" time="0.000068"/>
      </testsuite>
      <testsuite name="GoSuccess\Digistore24\Api\Tests\Unit\Request\Eticket\ListEticketLocationsRequestTest" file="D:\digistore24-api\tests\Unit\Request\Eticket\ListEticketLocationsRequestTest.php" tests="4" assertions="6" errors="0" failures="0" skipped="0" time="0.000491">
        <testcase name="test_can_create_instance" file="D:\digistore24-api\tests\Unit\Request\Eticket\ListEticketLocationsRequestTest.php" line="12" class="GoSuccess\Digistore24\Api\Tests\Unit\Request\Eticket\ListEticketLocationsRequestTest" classname="GoSuccess.Digistore24.Api.Tests.Unit.Request.Eticket.ListEticketLocationsRequestTest" assertions="1" time="0.000285"/>
        <testcase name="test_endpoint_returns_correct_value" file="D:\digistore24-api\tests\Unit\Request\Eticket\ListEticketLocationsRequestTest.php" line="19" class="GoSuccess\Digistore24\Api\Tests\Unit\Request\Eticket\ListEticketLocationsRequestTest" classname="GoSuccess.Digistore24.Api.Tests.Unit.Request.Eticket.ListEticketLocationsRequestTest" assertions="1" time="0.000071"/>
        <testcase name="test_to_array_returns_empty_array" file="D:\digistore24-api\tests\Unit\Request\Eticket\ListEticketLocationsRequestTest.php" line="26" class="GoSuccess\Digistore24\Api\Tests\Unit\Request\Eticket\ListEticketLocationsRequestTest" classname="GoSuccess.Digistore24.Api.Tests.Unit.Request.Eticket.ListEticketLocationsRequestTest" assertions="2" time="0.000068"/>
        <testcase name="test_validate_returns_empty_array" file="D:\digistore24-api\tests\Unit\Request\Eticket\ListEticketLocationsRequestTest.php" line="36" class="GoSuccess\Digistore24\Api\Tests\Unit\Request\Eticket\ListEticketLocationsRequestTest" classname="GoSuccess.Digistore24.Api.Tests.Unit.Request.Eticket.ListEticketLocationsRequestTest" assertions="2" time="0.000067"/>
      </testsuite>
      <testsuite name="GoSuccess\Digistore24\Api\Tests\Unit\Request\Eticket\ListEticketTemplatesRequestTest" file="D:\digistore24-api\tests\Unit\Request\Eticket\ListEticketTemplatesRequestTest.php" tests="4" assertions="6" errors="0" failures="0" skipped="0" time="0.000486">
        <testcase name="test_can_create_instance" file="D:\digistore24-api\tests\Unit\Request\Eticket\ListEticketTemplatesRequestTest.php" line="12" class="GoSuccess\Digistore24\Api\Tests\Unit\Request\Eticket\ListEticketTemplatesRequestTest" classname="GoSuccess.Digistore24.Api.Tests.Unit.Request.Eticket.ListEticketTemplatesRequestTest" assertions="1" time="0.000280"/>
        <testcase name="test_endpoint_returns_correct_value" file="D:\digistore24-api\tests\Unit\Request\Eticket\ListEticketTemplatesRequestTest.php" line="19" class="GoSuccess\Digistore24\Api\Tests\Unit\Request\Eticket\ListEticketTemplatesRequestTest" classname="GoSuccess.Digistore24.Api.Tests.Unit.Request.Eticket.ListEticketTemplatesRequestTest" assertions="1" time="0.000071"/>
        <testcase name="test_to_array_returns_empty_array" file="D:\digistore24-api\tests\Unit\Request\Eticket\ListEticketTemplatesRequestTest.php" line="26" class="GoSuccess\Digistore24\Api\Tests\Unit\Request\Eticket\ListEticketTemplatesRequestTest" classname="GoSuccess.Digistore24.Api.Tests.Unit.Request.Eticket.ListEticketTemplatesRequestTest" assertions="2" time="0.000068"/>
        <testcase name="test_validate_returns_empty_array" file="D:\digistore24-api\tests\Unit\Request\Eticket\ListEticketTemplatesRequestTest.php" line="36" class="GoSuccess\Digistore24\Api\Tests\Unit\Request\Eticket\ListEticketTemplatesRequestTest" classname="GoSuccess.Digistore24.Api.Tests.Unit.Request.Eticket.ListEticketTemplatesRequestTest" assertions="2" time="0.000067"/>
      </testsuite>
      <testsuite name="GoSuccess\Digistore24\Api\Tests\Unit\Request\Eticket\ListEticketsRequestTest" file="D:\digistore24-api\tests\Unit\Request\Eticket\ListEticketsRequestTest.php" tests="13" assertions="24" errors="0" failures="0" skipped="0" time="0.001210">
[...]
      </testsuite>
      <testsuite name="GoSuccess\Digistore24\Api\Tests\Unit\Response\Voucher\GetVoucherResponseTest" file="D:\digistore24-api\tests\Unit\Response\Voucher\GetVoucherResponseTest.php" tests="3" assertions="6" errors="0" failures="0" skipped="0" time="0.000463">
        <testcase name="test_can_create_from_array" file="D:\digistore24-api\tests\Unit\Response\Voucher\GetVoucherResponseTest.php" line="13" class="GoSuccess\Digistore24\Api\Tests\Unit\Response\Voucher\GetVoucherResponseTest" classname="GoSuccess.Digistore24.Api.Tests.Unit.Response.Voucher.GetVoucherResponseTest" assertions="3" time="0.000320"/>
        <testcase name="test_can_create_from_response" file="D:\digistore24-api\tests\Unit\Response\Voucher\GetVoucherResponseTest.php" line="35" class="GoSuccess\Digistore24\Api\Tests\Unit\Response\Voucher\GetVoucherResponseTest" classname="GoSuccess.Digistore24.Api.Tests.Unit.Response.Voucher.GetVoucherResponseTest" assertions="2" time="0.000074"/>
        <testcase name="test_has_raw_response" file="D:\digistore24-api\tests\Unit\Response\Voucher\GetVoucherResponseTest.php" line="57" class="GoSuccess\Digistore24\Api\Tests\Unit\Response\Voucher\GetVoucherResponseTest" classname="GoSuccess.Digistore24.Api.Tests.Unit.Response.Voucher.GetVoucherResponseTest" assertions="1" time="0.000069"/>
      </testsuite>
      <testsuite name="GoSuccess\Digistore24\Api\Tests\Unit\Response\Voucher\ListVouchersResponseTest" file="D:\digistore24-api\tests\Unit\Response\Voucher\ListVouchersResponseTest.php" tests="3" assertions="7" errors="0" failures="0" skipped="0" time="0.000479">
        <testcase name="test_can_create_from_array" file="D:\digistore24-api\tests\Unit\Response\Voucher\ListVouchersResponseTest.php" line="13" class="GoSuccess\Digistore24\Api\Tests\Unit\Response\Voucher\ListVouchersResponseTest" classname="GoSuccess.Digistore24.Api.Tests.Unit.Response.Voucher.ListVouchersResponseTest" assertions="4" time="0.000338"/>
        <testcase name="test_can_create_from_response" file="D:\digistore24-api\tests\Unit\Response\Voucher\ListVouchersResponseTest.php" line="42" class="GoSuccess\Digistore24\Api\Tests\Unit\Response\Voucher\ListVouchersResponseTest" classname="GoSuccess.Digistore24.Api.Tests.Unit.Response.Voucher.ListVouchersResponseTest" assertions="2" time="0.000073"/>
        <testcase name="test_has_raw_response" file="D:\digistore24-api\tests\Unit\Response\Voucher\ListVouchersResponseTest.php" line="66" class="GoSuccess\Digistore24\Api\Tests\Unit\Response\Voucher\ListVouchersResponseTest" classname="GoSuccess.Digistore24.Api.Tests.Unit.Response.Voucher.ListVouchersResponseTest" assertions="1" time="0.000068"/>
      </testsuite>
      <testsuite name="GoSuccess\Digistore24\Api\Tests\Unit\Response\Voucher\UpdateVoucherResponseTest" file="D:\digistore24-api\tests\Unit\Response\Voucher\UpdateVoucherResponseTest.php" tests="3" assertions="5" errors="0" failures="0" skipped="0" time="0.000451">
        <testcase name="test_can_create_from_array" file="D:\digistore24-api\tests\Unit\Response\Voucher\UpdateVoucherResponseTest.php" line="13" class="GoSuccess\Digistore24\Api\Tests\Unit\Response\Voucher\UpdateVoucherResponseTest" classname="GoSuccess.Digistore24.Api.Tests.Unit.Response.Voucher.UpdateVoucherResponseTest" assertions="2" time="0.000309"/>
        <testcase name="test_can_create_from_response" file="D:\digistore24-api\tests\Unit\Response\Voucher\UpdateVoucherResponseTest.php" line="24" class="GoSuccess\Digistore24\Api\Tests\Unit\Response\Voucher\UpdateVoucherResponseTest" classname="GoSuccess.Digistore24.Api.Tests.Unit.Response.Voucher.UpdateVoucherResponseTest" assertions="2" time="0.000073"/>
        <testcase name="test_has_raw_response" file="D:\digistore24-api\tests\Unit\Response\Voucher\UpdateVoucherResponseTest.php" line="41" class="GoSuccess\Digistore24\Api\Tests\Unit\Response\Voucher\UpdateVoucherResponseTest" classname="GoSuccess.Digistore24.Api.Tests.Unit.Response.Voucher.UpdateVoucherResponseTest" assertions="1" time="0.000069"/>
      </testsuite>
      <testsuite name="GoSuccess\Digistore24\Api\Tests\Unit\Utils\ArrayHelperTest" file="D:\digistore24-api\tests\Unit\Utils\ArrayHelperTest.php" tests="12" assertions="36" errors="0" failures="0" skipped="0" time="0.001248">
        <testcase name="testGetRetrievesNestedValue" file="D:\digistore24-api\tests\Unit\Utils\ArrayHelperTest.php" line="14" class="GoSuccess\Digistore24\Api\Tests\Unit\Utils\ArrayHelperTest" classname="GoSuccess.Digistore24.Api.Tests.Unit.Utils.ArrayHelperTest" assertions="2" time="0.000101"/>
        <testcase name="testGetReturnsDefaultForMissingKey" file="D:\digistore24-api\tests\Unit\Utils\ArrayHelperTest.php" line="29" class="GoSuccess\Digistore24\Api\Tests\Unit\Utils\ArrayHelperTest" classname="GoSuccess.Digistore24.Api.Tests.Unit.Utils.ArrayHelperTest" assertions="2" time="0.000152"/>
        <testcase name="testSetCreatesNestedArray" file="D:\digistore24-api\tests\Unit\Utils\ArrayHelperTest.php" line="37" class="GoSuccess\Digistore24\Api\Tests\Unit\Utils\ArrayHelperTest" classname="GoSuccess.Digistore24.Api.Tests.Unit.Utils.ArrayHelperTest" assertions="2" time="0.000100"/>
        <testcase name="testHasChecksNestedKey" file="D:\digistore24-api\tests\Unit\Utils\ArrayHelperTest.php" line="48" class="GoSuccess\Digistore24\Api\Tests\Unit\Utils\ArrayHelperTest" classname="GoSuccess.Digistore24.Api.Tests.Unit.Utils.ArrayHelperTest" assertions="2" time="0.000084"/>
        <testcase name="testKeysToCamelCaseConvertsKeys" file="D:\digistore24-api\tests\Unit\Utils\ArrayHelperTest.php" line="60" class="GoSuccess\Digistore24\Api\Tests\Unit\Utils\ArrayHelperTest" classname="GoSuccess.Digistore24.Api.Tests.Unit.Utils.ArrayHelperTest" assertions="4" time="0.000122"/>
        <testcase name="testKeysToSnakeCaseConvertsKeys" file="D:\digistore24-api\tests\Unit\Utils\ArrayHelperTest.php" line="76" class="GoSuccess\Digistore24\Api\Tests\Unit\Utils\ArrayHelperTest" classname="GoSuccess.Digistore24.Api.Tests.Unit.Utils.ArrayHelperTest" assertions="4" time="0.000091"/>
        <testcase name="testToCamelCaseConvertsString" file="D:\digistore24-api\tests\Unit\Utils\ArrayHelperTest.php" line="92" class="GoSuccess\Digistore24\Api\Tests\Unit\Utils\ArrayHelperTest" classname="GoSuccess.Digistore24.Api.Tests.Unit.Utils.ArrayHelperTest" assertions="3" time="0.000086"/>
        <testcase name="testToSnakeCaseConvertsString" file="D:\digistore24-api\tests\Unit\Utils\ArrayHelperTest.php" line="99" class="GoSuccess\Digistore24\Api\Tests\Unit\Utils\ArrayHelperTest" classname="GoSuccess.Digistore24.Api.Tests.Unit.Utils.ArrayHelperTest" assertions="3" time="0.000085"/>
        <testcase name="testFlattenFlattenNestedArray" file="D:\digistore24-api\tests\Unit\Utils\ArrayHelperTest.php" line="106" class="GoSuccess\Digistore24\Api\Tests\Unit\Utils\ArrayHelperTest" classname="GoSuccess.Digistore24.Api.Tests.Unit.Utils.ArrayHelperTest" assertions="2" time="0.000088"/>
        <testcase name="testRemoveNullsRemovesNullValues" file="D:\digistore24-api\tests\Unit\Utils\ArrayHelperTest.php" line="123" class="GoSuccess\Digistore24\Api\Tests\Unit\Utils\ArrayHelperTest" classname="GoSuccess.Digistore24.Api.Tests.Unit.Utils.ArrayHelperTest" assertions="4" time="0.000124"/>
        <testcase name="testOnlyReturnsOnlySpecifiedKeys" file="D:\digistore24-api\tests\Unit\Utils\ArrayHelperTest.php" line="140" class="GoSuccess\Digistore24\Api\Tests\Unit\Utils\ArrayHelperTest" classname="GoSuccess.Digistore24.Api.Tests.Unit.Utils.ArrayHelperTest" assertions="4" time="0.000118"/>
        <testcase name="testExceptReturnsAllExceptSpecifiedKeys" file="D:\digistore24-api\tests\Unit\Utils\ArrayHelperTest.php" line="157" class="GoSuccess\Digistore24\Api\Tests\Unit\Utils\ArrayHelperTest" classname="GoSuccess.Digistore24.Api.Tests.Unit.Utils.ArrayHelperTest" assertions="4" time="0.000096"/>
      </testsuite>
      <testsuite name="GoSuccess\Digistore24\Api\Tests\Unit\Utils\TypeConverterTest" file="D:\digistore24-api\tests\Unit\Utils\TypeConverterTest.php" tests="18" assertions="36" errors="0" failures="0" skipped="0" time="0.001657">
        <testcase name="testToIntConvertsStringToInteger" file="D:\digistore24-api\tests\Unit\Utils\TypeConverterTest.php" line="14" class="GoSuccess\Digistore24\Api\Tests\Unit\Utils\TypeConverterTest" classname="GoSuccess.Digistore24.Api.Tests.Unit.Utils.TypeConverterTest" assertions="3" time="0.000104"/>
        <testcase name="testToIntReturnsIntegerAsIs" file="D:\digistore24-api\tests\Unit\Utils\TypeConverterTest.php" line="21" class="GoSuccess\Digistore24\Api\Tests\Unit\Utils\TypeConverterTest" classname="GoSuccess.Digistore24.Api.Tests.Unit.Utils.TypeConverterTest" assertions="1" time="0.000083"/>
        <testcase name="testToIntReturnsNullForNull" file="D:\digistore24-api\tests\Unit\Utils\TypeConverterTest.php" line="26" class="GoSuccess\Digistore24\Api\Tests\Unit\Utils\TypeConverterTest" classname="GoSuccess.Digistore24.Api.Tests.Unit.Utils.TypeConverterTest" assertions="1" time="0.000080"/>
        <testcase name="testToFloatConvertsStringToFloat" file="D:\digistore24-api\tests\Unit\Utils\TypeConverterTest.php" line="31" class="GoSuccess\Digistore24\Api\Tests\Unit\Utils\TypeConverterTest" classname="GoSuccess.Digistore24.Api.Tests.Unit.Utils.TypeConverterTest" assertions="3" time="0.000113"/>
        <testcase name="testToFloatReturnsFloatAsIs" file="D:\digistore24-api\tests\Unit\Utils\TypeConverterTest.php" line="38" class="GoSuccess\Digistore24\Api\Tests\Unit\Utils\TypeConverterTest" classname="GoSuccess.Digistore24.Api.Tests.Unit.Utils.TypeConverterTest" assertions="1" time="0.000081"/>
        <testcase name="testToFloatReturnsNullForNull" file="D:\digistore24-api\tests\Unit\Utils\TypeConverterTest.php" line="43" class="GoSuccess\Digistore24\Api\Tests\Unit\Utils\TypeConverterTest" classname="GoSuccess.Digistore24.Api.Tests.Unit.Utils.TypeConverterTest" assertions="1" time="0.000081"/>
        <testcase name="testToBoolConvertsDigistore24Format" file="D:\digistore24-api\tests\Unit\Utils\TypeConverterTest.php" line="48" class="GoSuccess\Digistore24\Api\Tests\Unit\Utils\TypeConverterTest" classname="GoSuccess.Digistore24.Api.Tests.Unit.Utils.TypeConverterTest" assertions="6" time="0.000093"/>
        <testcase name="testToBoolReturnsBoolAsIs" file="D:\digistore24-api\tests\Unit\Utils\TypeConverterTest.php" line="59" class="GoSuccess\Digistore24\Api\Tests\Unit\Utils\TypeConverterTest" classname="GoSuccess.Digistore24.Api.Tests.Unit.Utils.TypeConverterTest" assertions="2" time="0.000082"/>
        <testcase name="testToBoolReturnsNullForNull" file="D:\digistore24-api\tests\Unit\Utils\TypeConverterTest.php" line="65" class="GoSuccess\Digistore24\Api\Tests\Unit\Utils\TypeConverterTest" classname="GoSuccess.Digistore24.Api.Tests.Unit.Utils.TypeConverterTest" assertions="1" time="0.000078"/>
        <testcase name="testToDateTimeConvertsString" file="D:\digistore24-api\tests\Unit\Utils\TypeConverterTest.php" line="70" class="GoSuccess\Digistore24\Api\Tests\Unit\Utils\TypeConverterTest" classname="GoSuccess.Digistore24.Api.Tests.Unit.Utils.TypeConverterTest" assertions="2" time="0.000113"/>
        <testcase name="testToDateTimeReturnsDateTimeAsIs" file="D:\digistore24-api\tests\Unit\Utils\TypeConverterTest.php" line="77" class="GoSuccess\Digistore24\Api\Tests\Unit\Utils\TypeConverterTest" classname="GoSuccess.Digistore24.Api.Tests.Unit.Utils.TypeConverterTest" assertions="1" time="0.000087"/>
        <testcase name="testToDateTimeReturnsNullForNull" file="D:\digistore24-api\tests\Unit\Utils\TypeConverterTest.php" line="83" class="GoSuccess\Digistore24\Api\Tests\Unit\Utils\TypeConverterTest" classname="GoSuccess.Digistore24.Api.Tests.Unit.Utils.TypeConverterTest" assertions="1" time="0.000099"/>
        <testcase name="testToDateTimeConvertsTimestamp" file="D:\digistore24-api\tests\Unit\Utils\TypeConverterTest.php" line="88" class="GoSuccess\Digistore24\Api\Tests\Unit\Utils\TypeConverterTest" classname="GoSuccess.Digistore24.Api.Tests.Unit.Utils.TypeConverterTest" assertions="2" time="0.000119"/>
        <testcase name="testToArrayConvertsJsonString" file="D:\digistore24-api\tests\Unit\Utils\TypeConverterTest.php" line="96" class="GoSuccess\Digistore24\Api\Tests\Unit\Utils\TypeConverterTest" classname="GoSuccess.Digistore24.Api.Tests.Unit.Utils.TypeConverterTest" assertions="5" time="0.000109"/>
        <testcase name="testToArrayReturnsArrayAsIs" file="D:\digistore24-api\tests\Unit\Utils\TypeConverterTest.php" line="139" class="GoSuccess\Digistore24\Api\Tests\Unit\Utils\TypeConverterTest" classname="GoSuccess.Digistore24.Api.Tests.Unit.Utils.TypeConverterTest" assertions="1" time="0.000081"/>
        <testcase name="testToArrayReturnsEmptyArrayForNull" file="D:\digistore24-api\tests\Unit\Utils\TypeConverterTest.php" line="145" class="GoSuccess\Digistore24\Api\Tests\Unit\Utils\TypeConverterTest" classname="GoSuccess.Digistore24.Api.Tests.Unit.Utils.TypeConverterTest" assertions="1" time="0.000084"/>
        <testcase name="testToStringConvertsToString" file="D:\digistore24-api\tests\Unit\Utils\TypeConverterTest.php" line="150" class="GoSuccess\Digistore24\Api\Tests\Unit\Utils\TypeConverterTest" classname="GoSuccess.Digistore24.Api.Tests.Unit.Utils.TypeConverterTest" assertions="3" time="0.000084"/>
        <testcase name="testToStringReturnsEmptyStringForNull" file="D:\digistore24-api\tests\Unit\Utils\TypeConverterTest.php" line="157" class="GoSuccess\Digistore24\Api\Tests\Unit\Utils\TypeConverterTest" classname="GoSuccess.Digistore24.Api.Tests.Unit.Utils.TypeConverterTest" assertions="1" time="0.000086"/>
      </testsuite>
      <testsuite name="GoSuccess\Digistore24\Api\Tests\Unit\Utils\ValidatorTest" file="D:\digistore24-api\tests\Unit\Utils\ValidatorTest.php" tests="12" assertions="45" errors="0" failures="0" skipped="0" time="0.001196">
        <testcase name="testIsEmailValidatesEmailFormat" file="D:\digistore24-api\tests\Unit\Utils\ValidatorTest.php" line="12" class="GoSuccess\Digistore24\Api\Tests\Unit\Utils\ValidatorTest" classname="GoSuccess.Digistore24.Api.Tests.Unit.Utils.ValidatorTest" assertions="5" time="0.000115"/>
        <testcase name="testIsUrlValidatesUrlFormat" file="D:\digistore24-api\tests\Unit\Utils\ValidatorTest.php" line="22" class="GoSuccess\Digistore24\Api\Tests\Unit\Utils\ValidatorTest" classname="GoSuccess.Digistore24.Api.Tests.Unit.Utils.ValidatorTest" assertions="5" time="0.000087"/>
        <testcase name="testIsApiKeyValidatesFormat" file="D:\digistore24-api\tests\Unit\Utils\ValidatorTest.php" line="32" class="GoSuccess\Digistore24\Api\Tests\Unit\Utils\ValidatorTest" classname="GoSuccess.Digistore24.Api.Tests.Unit.Utils.ValidatorTest" assertions="5" time="0.000150"/>
        <testcase name="testIsCountryCodeValidatesFormat" file="D:\digistore24-api\tests\Unit\Utils\ValidatorTest.php" line="42" class="GoSuccess\Digistore24\Api\Tests\Unit\Utils\ValidatorTest" classname="GoSuccess.Digistore24.Api.Tests.Unit.Utils.ValidatorTest" assertions="6" time="0.000099"/>
        <testcase name="testIsCurrencyCodeValidatesFormat" file="D:\digistore24-api\tests\Unit\Utils\ValidatorTest.php" line="53" class="GoSuccess\Digistore24\Api\Tests\Unit\Utils\ValidatorTest" classname="GoSuccess.Digistore24.Api.Tests.Unit.Utils.ValidatorTest" assertions="6" time="0.000098"/>
        <testcase name="testIsLengthValidatesStringLength" file="D:\digistore24-api\tests\Unit\Utils\ValidatorTest.php" line="64" class="GoSuccess\Digistore24\Api\Tests\Unit\Utils\ValidatorTest" classname="GoSuccess.Digistore24.Api.Tests.Unit.Utils.ValidatorTest" assertions="4" time="0.000092"/>
        <testcase name="testValidateWithRequiredRule" file="D:\digistore24-api\tests\Unit\Utils\ValidatorTest.php" line="73" class="GoSuccess\Digistore24\Api\Tests\Unit\Utils\ValidatorTest" classname="GoSuccess.Digistore24.Api.Tests.Unit.Utils.ValidatorTest" assertions="3" time="0.000091"/>
        <testcase name="testValidateWithEmailRule" file="D:\digistore24-api\tests\Unit\Utils\ValidatorTest.php" line="88" class="GoSuccess\Digistore24\Api\Tests\Unit\Utils\ValidatorTest" classname="GoSuccess.Digistore24.Api.Tests.Unit.Utils.ValidatorTest" assertions="3" time="0.000088"/>
        <testcase name="testValidateWithUrlRule" file="D:\digistore24-api\tests\Unit\Utils\ValidatorTest.php" line="106" class="GoSuccess\Digistore24\Api\Tests\Unit\Utils\ValidatorTest" classname="GoSuccess.Digistore24.Api.Tests.Unit.Utils.ValidatorTest" assertions="2" time="0.000087"/>
        <testcase name="testValidateWithMinRule" file="D:\digistore24-api\tests\Unit\Utils\ValidatorTest.php" line="123" class="GoSuccess\Digistore24\Api\Tests\Unit\Utils\ValidatorTest" classname="GoSuccess.Digistore24.Api.Tests.Unit.Utils.ValidatorTest" assertions="2" time="0.000082"/>
        <testcase name="testValidateWithMaxRule" file="D:\digistore24-api\tests\Unit\Utils\ValidatorTest.php" line="140" class="GoSuccess\Digistore24\Api\Tests\Unit\Utils\ValidatorTest" classname="GoSuccess.Digistore24.Api.Tests.Unit.Utils.ValidatorTest" assertions="2" time="0.000109"/>
        <testcase name="testValidateWithMultipleRules" file="D:\digistore24-api\tests\Unit\Utils\ValidatorTest.php" line="157" class="GoSuccess\Digistore24\Api\Tests\Unit\Utils\ValidatorTest" classname="GoSuccess.Digistore24.Api.Tests.Unit.Utils.ValidatorTest" assertions="2" time="0.000097"/>
      </testsuite>
    </testsuite>
    <testsuite name="Integration" tests="6" assertions="23" errors="0" failures="0" skipped="0" time="0.005592">
      <testsuite name="GoSuccess\Digistore24\Api\Tests\Integration\Digistore24Test" file="D:\digistore24-api\tests\Integration\Digistore24Test.php" tests="6" assertions="23" errors="0" failures="0" skipped="0" time="0.005592">
        <testcase name="testClientHasAllResources" file="D:\digistore24-api\tests\Integration\Digistore24Test.php" line="34" class="GoSuccess\Digistore24\Api\Tests\Integration\Digistore24Test" classname="GoSuccess.Digistore24.Api.Tests.Integration.Digistore24Test" assertions="12" time="0.004901"/>
        <testcase name="testCanCreateRequestWithPropertyHooks" file="D:\digistore24-api\tests\Integration\Digistore24Test.php" line="50" class="GoSuccess\Digistore24\Api\Tests\Integration\Digistore24Test" classname="GoSuccess.Digistore24.Api.Tests.Integration.Digistore24Test" assertions="2" time="0.000127"/>
        <testcase name="testCanCreateBuyerDataWithValidation" file="D:\digistore24-api\tests\Integration\Digistore24Test.php" line="60" class="GoSuccess\Digistore24\Api\Tests\Integration\Digistore24Test" classname="GoSuccess.Digistore24.Api.Tests.Integration.Digistore24Test" assertions="4" time="0.000114"/>
        <testcase name="testPropertyHookValidationThrowsExceptionForInvalidEmail" file="D:\digistore24-api\tests\Integration\Digistore24Test.php" line="74" class="GoSuccess\Digistore24\Api\Tests\Integration\Digistore24Test" classname="GoSuccess.Digistore24.Api.Tests.Integration.Digistore24Test" assertions="2" time="0.000141"/>
        <testcase name="testPropertyHookValidationThrowsExceptionForEmptyProductId" file="D:\digistore24-api\tests\Integration\Digistore24Test.php" line="83" class="GoSuccess\Digistore24\Api\Tests\Integration\Digistore24Test" classname="GoSuccess.Digistore24.Api.Tests.Integration.Digistore24Test" assertions="2" time="0.000195"/>
        <testcase name="testClientPropertyReturnsApiClient" file="D:\digistore24-api\tests\Integration\Digistore24Test.php" line="92" class="GoSuccess\Digistore24\Api\Tests\Integration\Digistore24Test" classname="GoSuccess.Digistore24.Api.Tests.Integration.Digistore24Test" assertions="1" time="0.000113"/>
      </testsuite>
    </testsuite>
  </testsuite>
</testsuites>
